2016-05-30 15:41:14,468 - root - INFO - Socket Information: ('10.224.0.39', 8888)
2016-05-30 15:41:24,909 - root - ERROR - ['Traceback (most recent call last):\n', '  File "/media/raziel/Raziel-HDD/Work/NetworkProtocolDesign/Nesli/ITC8061/ChatApp/Utils.py", line 626, in recv_flag\n    data,addr = the_socket.recvfrom(buf)\n', 'BlockingIOError: [Errno 11] Resource temporarily unavailable\n', '\nDuring handling of the above exception, another exception occurred:\n\n', 'Traceback (most recent call last):\n', '  File "/media/raziel/Raziel-HDD/Work/NetworkProtocolDesign/Nesli/ITC8061/ChatApp/Utils.py", line 626, in recv_flag\n    data,addr = the_socket.recvfrom(buf)\n', 'KeyboardInterrupt\n']
2016-05-30 15:42:02,441 - root - ERROR - ['Traceback (most recent call last):\n', '  File "/media/raziel/Raziel-HDD/Work/NetworkProtocolDesign/Nesli/ITC8061/ChatApp/Utils.py", line 254, in PrepareSocket\n    UDPSocket.bind(UDPaddr)\n', 'TypeError: string or unicode text buffer expected, not NoneType\n']
2016-05-30 15:42:21,446 - root - INFO - Socket Information: ('10.224.0.39', 8888)
2016-05-30 15:45:51,160 - root - INFO - Socket Information: ('10.224.0.39', 8888)
2016-05-30 15:48:49,827 - root - INFO - Socket Information: ('10.224.0.39', 8888)
2016-05-30 15:56:38,918 - root - INFO - Socket Information: ('10.224.0.39', 8888)
2016-05-30 15:59:24,181 - root - INFO - Message Sending Protocol Initialized...
2016-05-30 16:00:04,421 - root - ERROR - ['Traceback (most recent call last):\n', '  File "/media/raziel/Raziel-HDD/Work/NetworkProtocolDesign/Nesli/ITC8061/ChatApp/Utils.py", line 323, in PrepareMessage\n    logging.debug("Preparing Message for :" + destination)\n', "TypeError: Can't convert 'c_byte_Array_4' object to str implicitly\n"]
2016-05-30 16:00:04,424 - root - ERROR - ['Traceback (most recent call last):\n', '  File "/media/raziel/Raziel-HDD/Work/NetworkProtocolDesign/Nesli/ITC8061/ChatApp/Utils.py", line 548, in ChunkMessages\n    header.hop_count)\n', '  File "/media/raziel/Raziel-HDD/Work/NetworkProtocolDesign/Nesli/ITC8061/ChatApp/Utils.py", line 323, in PrepareMessage\n    logging.debug("Preparing Message for :" + destination)\n', "TypeError: Can't convert 'c_byte_Array_4' object to str implicitly\n"]
2016-05-30 16:00:43,630 - root - ERROR - ['Traceback (most recent call last):\n', '  File "/media/raziel/Raziel-HDD/Work/NetworkProtocolDesign/Nesli/ITC8061/ChatApp/Utils.py", line 528, in Send_Message\n    logging.debug("Sent to: " + addr[0] +"=>" + addr[1])\n', "TypeError: Can't convert 'int' object to str implicitly\n"]
2016-05-30 16:00:44,402 - root - ERROR - Couldn't send messages...
2016-05-30 16:01:10,480 - root - INFO - Message Sending Protocol Initialized...
2016-05-30 16:06:43,289 - root - ERROR - ['Traceback (most recent call last):\n', '  File "/media/raziel/Raziel-HDD/Work/NetworkProtocolDesign/Nesli/ITC8061/ChatApp/Utils.py", line 323, in PrepareMessage\n    logging.debug("Preparing Message for :" + bytearray(destination).hex().upper())\n', "TypeError: Can't convert 'c_byte_Array_4' object to str implicitly\n"]
2016-05-30 16:06:43,293 - root - ERROR - ['Traceback (most recent call last):\n', '  File "/media/raziel/Raziel-HDD/Work/NetworkProtocolDesign/Nesli/ITC8061/ChatApp/Utils.py", line 548, in ChunkMessages\n    header.hop_count)\n', '  File "/media/raziel/Raziel-HDD/Work/NetworkProtocolDesign/Nesli/ITC8061/ChatApp/Utils.py", line 323, in PrepareMessage\n    logging.debug("Preparing Message for :" + bytearray(destination).hex().upper())\n', "TypeError: Can't convert 'c_byte_Array_4' object to str implicitly\n"]
2016-05-30 16:06:43,297 - root - ERROR - ['Traceback (most recent call last):\n', '  File "/media/raziel/Raziel-HDD/Work/NetworkProtocolDesign/Nesli/ITC8061/ChatApp/Utils.py", line 528, in Send_Message\n    logging.debug("Sent to: " + addr[0] +"=>" + addr[1])\n', "TypeError: Can't convert 'int' object to str implicitly\n"]
2016-05-30 16:06:43,299 - root - ERROR - Couldn't send messages...
2016-05-30 16:06:49,616 - root - ERROR - ['Traceback (most recent call last):\n', '  File "/media/raziel/Raziel-HDD/Work/NetworkProtocolDesign/Nesli/ITC8061/ChatApp/Utils.py", line 632, in recv_flag\n    pass\n', 'KeyboardInterrupt\n']
2016-05-30 16:07:00,078 - root - INFO - Socket Information: ('10.224.0.39', 8888)
2016-05-30 16:07:17,661 - root - INFO - Message Sending Protocol Initialized...
2016-05-30 16:08:52,912 - root - ERROR - ['Traceback (most recent call last):\n', '  File "/media/raziel/Raziel-HDD/Work/NetworkProtocolDesign/Nesli/ITC8061/ChatApp/Utils.py", line 563, in ChunkMessages\n    logging.debug("Chunking completed with:" + len(MessageList) + "Packets.")\n', "TypeError: Can't convert 'int' object to str implicitly\n", '\nDuring handling of the above exception, another exception occurred:\n\n', 'Traceback (most recent call last):\n', '  File "/media/raziel/Raziel-HDD/Work/NetworkProtocolDesign/Nesli/ITC8061/ChatApp/Utils.py", line 523, in Send_Message\n    messagetosend = ChunkMessages(payload, header)\n', '  File "/media/raziel/Raziel-HDD/Work/NetworkProtocolDesign/Nesli/ITC8061/ChatApp/Utils.py", line 567, in ChunkMessages\n    logging.error(repr(traceback.format_exception(exc_type, exc_value,\n', '  File "/media/raziel/Raziel-HDD/Work/NetworkProtocolDesign/Nesli/ITC8061/ChatApp/Utils.py", line 567, in ChunkMessages\n    logging.error(repr(traceback.format_exception(exc_type, exc_value,\n', '  File "/home/raziel/Downloads/pycharm-community-2016.1.4/helpers/pydev/_pydevd_bundle/pydevd_frame.py", line 602, in trace_dispatch\n    self.do_wait_suspend(thread, frame, event, arg)\n', '  File "/home/raziel/Downloads/pycharm-community-2016.1.4/helpers/pydev/_pydevd_bundle/pydevd_frame.py", line 69, in do_wait_suspend\n    self._args[0].do_wait_suspend(*args, **kwargs)\n', '  File "/home/raziel/Downloads/pycharm-community-2016.1.4/helpers/pydev/pydevd.py", line 712, in do_wait_suspend\n    time.sleep(0.01)\n', 'KeyboardInterrupt\n']
2016-05-30 16:08:52,913 - root - ERROR - Couldn't send messages...
2016-05-30 16:09:01,029 - root - ERROR - ['Traceback (most recent call last):\n', '  File "/media/raziel/Raziel-HDD/Work/NetworkProtocolDesign/Nesli/ITC8061/ChatApp/Utils.py", line 229, in Get_Port\n    temp = input(\'>>Port Number: \')\n', 'KeyboardInterrupt\n']
2016-05-30 16:09:01,032 - root - INFO - Because of Errors PORT 6666 is assigned.
2016-05-30 16:09:13,240 - root - INFO - Socket Information: ('10.224.0.39', 8888)
2016-05-30 16:09:25,656 - root - INFO - Neighboring Message is being prepared...
2016-05-30 16:09:25,660 - root - INFO - Message Sending Protocol Initialized...
2016-05-30 16:10:52,672 - root - ERROR - ['Traceback (most recent call last):\n', '  File "/media/raziel/Raziel-HDD/Work/NetworkProtocolDesign/Nesli/ITC8061/ChatApp/Utils.py", line 528, in Send_Message\n    logging.debug("Sent to: " + addr[0] +"=>" + addr[1])\n', "TypeError: Can't convert 'int' object to str implicitly\n"]
2016-05-30 16:10:52,944 - root - ERROR - Couldn't send messages...
2016-05-30 16:11:18,432 - root - INFO - Socket Information: ('10.224.0.39', 8888)
2016-05-30 16:11:35,836 - root - INFO - Neighboring Message is being prepared...
2016-05-30 16:11:35,839 - root - INFO - Message Sending Protocol Initialized...
2016-05-30 16:14:29,894 - root - INFO - Socket Information: ('10.224.0.39', 7777)
2016-05-30 16:14:41,887 - root - INFO - Neighboring Message is being prepared...
2016-05-30 16:14:41,890 - root - INFO - Message Sending Protocol Initialized...
2016-05-30 16:14:49,910 - root - INFO - Unpacking Message Array...
2016-05-30 16:17:06,472 - root - ERROR - ['Traceback (most recent call last):\n', '  File "/media/raziel/Raziel-HDD/Work/NetworkProtocolDesign/Nesli/ITC8061/ChatApp/Utils.py", line 835, in Add_KeyIDTable\n    username = input(\'Enter Username for this IP>>\')\n', 'KeyboardInterrupt\n']
2016-05-30 16:17:06,477 - root - INFO - Message Sending Protocol Initialized...
2016-05-30 16:17:28,035 - root - INFO - Socket Information: ('10.224.0.39', 7777)
2016-05-30 16:18:16,348 - root - INFO - Socket Information: ('10.224.0.39', 5555)
2016-05-30 16:18:25,083 - root - INFO - Neighboring Message is being prepared...
2016-05-30 16:18:25,087 - root - INFO - Message Sending Protocol Initialized...
2016-05-30 16:18:33,111 - root - INFO - Unpacking Message Array...
2016-05-30 16:19:39,934 - root - ERROR - ['Traceback (most recent call last):\n', '  File "/media/raziel/Raziel-HDD/Work/NetworkProtocolDesign/Nesli/ITC8061/ChatApp/Utils.py", line 838, in Add_KeyIDTable\n    logging.debug(keyID_newline + "has been added to KeyID Table...")\n', "TypeError: unsupported operand type(s) for +: 'dict' and 'str'\n"]
2016-05-30 16:21:28,436 - root - INFO - Message Sending Protocol Initialized...
2016-05-30 16:24:10,964 - root - INFO - Socket Information: ('10.224.0.39', 5555)
2016-05-30 16:24:21,296 - root - INFO - Neighboring Message is being prepared...
2016-05-30 16:24:21,300 - root - INFO - Message Sending Protocol Initialized...
2016-05-30 16:24:37,588 - root - ERROR - ['Traceback (most recent call last):\n', '  File "/media/raziel/Raziel-HDD/Work/NetworkProtocolDesign/Nesli/ITC8061/ChatApp/Utils.py", line 627, in recv_flag\n    data,addr = the_socket.recvfrom(buf)\n', 'BlockingIOError: [Errno 11] Resource temporarily unavailable\n', '\nDuring handling of the above exception, another exception occurred:\n\n', 'Traceback (most recent call last):\n', '  File "/media/raziel/Raziel-HDD/Work/NetworkProtocolDesign/Nesli/ITC8061/ChatApp/Utils.py", line 627, in recv_flag\n    data,addr = the_socket.recvfrom(buf)\n', 'KeyboardInterrupt\n']
2016-05-30 16:24:55,786 - root - INFO - Socket Information: ('10.224.0.39', 5555)
2016-05-30 16:25:04,630 - root - INFO - Neighboring Message is being prepared...
2016-05-30 16:25:04,634 - root - INFO - Message Sending Protocol Initialized...
2016-05-30 16:25:12,705 - root - INFO - Unpacking Message Array...
2016-05-30 16:25:57,760 - root - ERROR - ['Traceback (most recent call last):\n', '  File "/media/raziel/Raziel-HDD/Work/NetworkProtocolDesign/Nesli/ITC8061/ChatApp/Utils.py", line 627, in recv_flag\n    data,addr = the_socket.recvfrom(buf)\n', 'BlockingIOError: [Errno 11] Resource temporarily unavailable\n', '\nDuring handling of the above exception, another exception occurred:\n\n', 'Traceback (most recent call last):\n', '  File "/media/raziel/Raziel-HDD/Work/NetworkProtocolDesign/Nesli/ITC8061/ChatApp/Utils.py", line 627, in recv_flag\n    data,addr = the_socket.recvfrom(buf)\n', 'KeyboardInterrupt\n']
2016-05-30 16:26:25,278 - root - INFO - Socket Information: ('10.224.0.39', 5555)
2016-05-30 16:26:36,835 - root - INFO - Neighboring Message is being prepared...
2016-05-30 16:26:36,839 - root - INFO - Message Sending Protocol Initialized...
2016-05-30 16:26:44,890 - root - INFO - Unpacking Message Array...
2016-05-30 16:27:11,967 - root - INFO - Message Sending Protocol Initialized...
2016-05-30 16:30:55,835 - root - INFO - Socket Information: ('10.224.0.39', 5555)
2016-05-30 16:31:05,309 - root - INFO - Neighboring Message is being prepared...
2016-05-30 16:31:05,315 - root - INFO - Message Sending Protocol Initialized...
2016-05-30 16:31:13,800 - root - INFO - Unpacking Message Array...
2016-05-30 16:31:25,597 - root - INFO - Message Sending Protocol Initialized...
2016-05-30 16:32:34,597 - root - ERROR - ['Traceback (most recent call last):\n', '  File "/media/raziel/Raziel-HDD/Work/NetworkProtocolDesign/Nesli/ITC8061/ChatApp/Utils.py", line 229, in Get_Port\n    temp = input(\'>>Port Number: \')\n', 'KeyboardInterrupt\n']
2016-05-30 16:32:34,599 - root - INFO - Because of Errors PORT 6666 is assigned.
2016-05-30 16:32:48,897 - root - INFO - Socket Information: ('10.224.0.39', 5555)
2016-05-30 16:33:02,271 - root - INFO - Neighboring Message is being prepared...
2016-05-30 16:33:02,274 - root - INFO - Message Sending Protocol Initialized...
2016-05-30 16:33:10,425 - root - INFO - Unpacking Message Array...
2016-05-30 16:33:16,221 - root - INFO - Message Sending Protocol Initialized...
2016-05-30 16:33:22,363 - root - INFO - NEIGHBORING ACK Message from EC8AF480 Processsed!.
2016-05-30 16:33:49,185 - root - WARNING - This UUID Already Exists
2016-05-30 16:35:22,617 - root - INFO - Message Sending Protocol Initialized...
2016-05-30 16:36:22,087 - root - INFO - Unpacking Message Array...
2016-05-30 16:36:34,178 - root - INFO - NEIGHBORING ACK Message from EC8AF480 Processsed!.
2016-05-30 16:37:51,470 - root - INFO - SessionKey Entry cannot be Found...Initialising AUTH Protocol...
2016-05-30 16:37:52,621 - root - INFO - Setting Passphrase.. This Procedure is one time only...
2016-05-30 16:37:56,531 - root - INFO - PassPhrase is set!
2016-05-30 16:38:16,435 - root - INFO - Auth Payload is being prepared...
2016-05-30 16:38:16,438 - root - INFO - PGP Challenge Encryption Process started...
2016-05-30 16:38:16,444 - root - ERROR - ['Traceback (most recent call last):\n', '  File "/media/raziel/Raziel-HDD/Work/NetworkProtocolDesign/Nesli/ITC8061/ChatApp/Utils.py", line 435, in PGPEncMsg\n    encrypted_challenge = gpg.encrypt(challenge, rec_id).data\n', "NameError: name 'gpg' is not defined\n"]
2016-05-30 16:38:16,449 - root - ERROR - ['Traceback (most recent call last):\n', '  File "/media/raziel/Raziel-HDD/Work/NetworkProtocolDesign/Nesli/ITC8061/ChatApp/Utils.py", line 420, in PrepareAuthenticationPayload\n    AuthMessagetoSend, challenge = PGPEncMsg(rec_id, myPP)\n', "TypeError: 'NoneType' object is not iterable\n"]
2016-05-30 16:38:16,454 - root - INFO - Message Sending Protocol Initialized...
2016-05-30 16:38:16,464 - root - INFO - Auth Message Sent to: EC8AF480
2016-05-30 16:38:42,893 - root - INFO - AUTH Sent to: EC8AF480
2016-05-30 16:41:41,918 - root - INFO - Socket Information: ('10.224.0.39', 5555)
2016-05-30 16:41:50,225 - root - INFO - Neighboring Message is being prepared...
2016-05-30 16:41:50,226 - root - INFO - Message Sending Protocol Initialized...
2016-05-30 16:41:58,234 - root - INFO - Unpacking Message Array...
2016-05-30 16:42:01,578 - root - INFO - Message Sending Protocol Initialized...
2016-05-30 16:42:01,583 - root - INFO - NEIGHBORING ACK Message from EC8AF480 Processsed!.
2016-05-30 16:42:01,585 - root - WARNING - This UUID Already Exists
2016-05-30 16:42:01,587 - root - INFO - Message Sending Protocol Initialized...
2016-05-30 16:42:01,589 - root - INFO - Session Established with EC8AF480
2016-05-30 16:42:19,789 - root - INFO - Unpacking Message Array...
2016-05-30 16:42:19,790 - root - INFO - NEIGHBORING ACK Message from EC8AF480 Processsed!.
2016-05-30 16:42:51,793 - root - INFO - SessionKey Entry cannot be Found...Initialising AUTH Protocol...
2016-05-30 16:42:51,794 - root - INFO - Setting Passphrase.. This Procedure is one time only...
2016-05-30 16:43:04,652 - root - INFO - PassPhrase is set!
2016-05-30 16:43:04,654 - root - INFO - Auth Payload is being prepared...
2016-05-30 16:43:04,655 - root - INFO - PGP Challenge Encryption Process started...
2016-05-30 16:43:04,657 - root - ERROR - ['Traceback (most recent call last):\n', '  File "/media/raziel/Raziel-HDD/Work/NetworkProtocolDesign/Nesli/ITC8061/ChatApp/Utils.py", line 435, in PGPEncMsg\n    encrypted_challenge = gpg.encrypt(challenge, rec_id).data\n', "NameError: name 'gpg' is not defined\n"]
2016-05-30 16:43:04,659 - root - ERROR - ['Traceback (most recent call last):\n', '  File "/media/raziel/Raziel-HDD/Work/NetworkProtocolDesign/Nesli/ITC8061/ChatApp/Utils.py", line 420, in PrepareAuthenticationPayload\n    AuthMessagetoSend, challenge = PGPEncMsg(rec_id, myPP)\n', "TypeError: 'NoneType' object is not iterable\n"]
2016-05-30 16:43:04,660 - root - INFO - Message Sending Protocol Initialized...
2016-05-30 16:43:04,663 - root - INFO - Auth Message Sent to: EC8AF480
2016-05-30 16:43:04,664 - root - INFO - AUTH Sent to: EC8AF480
2016-05-30 16:43:04,664 - root - INFO - AUTH Protocol is taking place for : Nesli
2016-05-30 16:43:08,665 - root - INFO - AUTH Message sent. Waiting for ACK. Please Wait.
2016-05-30 16:43:12,665 - root - INFO - AUTH Message sent. Waiting for ACK. Please Wait.
2016-05-30 16:43:16,666 - root - INFO - AUTH Message sent. Waiting for ACK. Please Wait.
2016-05-30 16:43:20,666 - root - INFO - AUTH Message sent. Waiting for ACK. Please Wait.
2016-05-30 16:43:24,666 - root - INFO - AUTH Message sent. Waiting for ACK. Please Wait.
2016-05-30 16:43:28,667 - root - INFO - AUTH Message sent. Waiting for ACK. Please Wait.
2016-05-30 16:43:32,667 - root - INFO - AUTH Message sent. Waiting for ACK. Please Wait.
2016-05-30 16:43:33,384 - root - ERROR - ['Traceback (most recent call last):\n', '  File "/media/raziel/Raziel-HDD/Work/NetworkProtocolDesign/Nesli/ITC8061/ChatApp/Utils.py", line 621, in recv_flag\n    if total_data and Unpack(MessageClass, total_data[-1]).flag == 17 and time.time()-begin>timeout:\n', 'KeyboardInterrupt\n']
2016-05-30 16:43:50,181 - root - INFO - Socket Information: ('10.224.0.39', 5555)
2016-05-30 16:44:58,005 - root - INFO - Neighboring Message is being prepared...
2016-05-30 16:44:58,009 - root - INFO - Message Sending Protocol Initialized...
2016-05-30 16:45:17,799 - root - INFO - Unpacking Message Array...
2016-05-30 16:45:24,379 - root - INFO - Message Sending Protocol Initialized...
2016-05-30 16:45:24,390 - root - INFO - NEIGHBORING ACK Message from EC8AF480 Processsed!.
2016-05-30 16:45:24,394 - root - WARNING - This UUID Already Exists
2016-05-30 16:45:24,399 - root - INFO - Message Sending Protocol Initialized...
2016-05-30 16:45:24,406 - root - INFO - Session Established with EC8AF480
2016-05-30 16:45:57,982 - root - INFO - Unpacking Message Array...
2016-05-30 16:45:57,984 - root - INFO - NEIGHBORING ACK Message from EC8AF480 Processsed!.
2016-05-30 16:46:57,991 - root - INFO - SessionKey Entry cannot be Found...Initialising AUTH Protocol...
2016-05-30 16:46:57,992 - root - INFO - Setting Passphrase.. This Procedure is one time only...
2016-05-30 16:47:05,112 - root - INFO - PassPhrase is set!
2016-05-30 16:47:05,122 - root - INFO - Auth Payload is being prepared...
2016-05-30 16:47:05,126 - root - INFO - PGP Challenge Encryption Process started...
2016-05-30 16:47:05,135 - root - ERROR - ['Traceback (most recent call last):\n', '  File "/media/raziel/Raziel-HDD/Work/NetworkProtocolDesign/Nesli/ITC8061/ChatApp/Utils.py", line 435, in PGPEncMsg\n    encrypted_challenge = gpg.encrypt(challenge, rec_id).data\n', "NameError: name 'gpg' is not defined\n"]
2016-05-30 16:47:05,140 - root - ERROR - ['Traceback (most recent call last):\n', '  File "/media/raziel/Raziel-HDD/Work/NetworkProtocolDesign/Nesli/ITC8061/ChatApp/Utils.py", line 420, in PrepareAuthenticationPayload\n    AuthMessagetoSend, challenge = PGPEncMsg(rec_id, myPP)\n', "TypeError: 'NoneType' object is not iterable\n"]
2016-05-30 16:47:05,144 - root - INFO - Message Sending Protocol Initialized...
2016-05-30 16:47:05,154 - root - INFO - Auth Message Sent to: EC8AF480
2016-05-30 16:47:05,155 - root - INFO - AUTH Sent to: EC8AF480
2016-05-30 16:47:05,157 - root - INFO - AUTH Protocol is taking place for : Nesli
2016-05-30 16:47:09,159 - root - INFO - AUTH Message sent. Waiting for ACK. Please Wait.
2016-05-30 16:47:13,160 - root - INFO - AUTH Message sent. Waiting for ACK. Please Wait.
2016-05-30 16:47:17,161 - root - INFO - AUTH Message sent. Waiting for ACK. Please Wait.
2016-05-30 16:47:21,162 - root - INFO - AUTH Message sent. Waiting for ACK. Please Wait.
2016-05-30 16:47:25,163 - root - INFO - AUTH Message sent. Waiting for ACK. Please Wait.
2016-05-30 16:47:29,164 - root - INFO - AUTH Message sent. Waiting for ACK. Please Wait.
2016-05-30 16:47:33,165 - root - INFO - AUTH Message sent. Waiting for ACK. Please Wait.
2016-05-30 16:47:37,166 - root - INFO - AUTH Message sent. Waiting for ACK. Please Wait.
2016-05-30 16:47:41,167 - root - INFO - AUTH Message sent. Waiting for ACK. Please Wait.
2016-05-30 16:47:45,168 - root - INFO - AUTH Message sent. Waiting for ACK. Please Wait.
2016-05-30 16:47:49,169 - root - INFO - AUTH Message sent. Waiting for ACK. Please Wait.
2016-05-30 16:47:53,170 - root - INFO - AUTH Message sent. Waiting for ACK. Please Wait.
2016-05-30 16:47:57,171 - root - INFO - AUTH Message sent. Waiting for ACK. Please Wait.
2016-05-30 16:48:01,172 - root - INFO - AUTH Message sent. Waiting for ACK. Please Wait.
2016-05-30 16:48:05,173 - root - INFO - AUTH Message sent. Waiting for ACK. Please Wait.
2016-05-30 16:48:09,174 - root - INFO - AUTH Message sent. Waiting for ACK. Please Wait.
2016-05-30 16:48:13,175 - root - INFO - AUTH Message sent. Waiting for ACK. Please Wait.
2016-05-30 16:48:17,176 - root - INFO - AUTH Message sent. Waiting for ACK. Please Wait.
2016-05-30 16:48:21,177 - root - INFO - AUTH Message sent. Waiting for ACK. Please Wait.
2016-05-30 16:48:25,178 - root - INFO - AUTH Message sent. Waiting for ACK. Please Wait.
2016-05-30 16:48:29,180 - root - INFO - AUTH Message sent. Waiting for ACK. Please Wait.
2016-05-30 16:48:33,181 - root - INFO - AUTH Message sent. Waiting for ACK. Please Wait.
2016-05-30 16:48:37,182 - root - INFO - AUTH Message sent. Waiting for ACK. Please Wait.
2016-05-30 16:48:41,182 - root - INFO - AUTH Message sent. Waiting for ACK. Please Wait.
2016-05-30 16:48:45,183 - root - INFO - AUTH Message sent. Waiting for ACK. Please Wait.
2016-05-30 16:48:49,184 - root - INFO - AUTH Message sent. Waiting for ACK. Please Wait.
2016-05-30 16:48:53,185 - root - INFO - AUTH Message sent. Waiting for ACK. Please Wait.
2016-05-30 16:48:57,186 - root - INFO - AUTH Message sent. Waiting for ACK. Please Wait.
2016-05-30 16:49:01,188 - root - INFO - AUTH Message sent. Waiting for ACK. Please Wait.
2016-05-30 16:49:05,189 - root - INFO - AUTH Message sent. Waiting for ACK. Please Wait.
2016-05-30 16:49:09,190 - root - INFO - AUTH Message sent. Waiting for ACK. Please Wait.
2016-05-30 16:49:13,190 - root - INFO - AUTH Message sent. Waiting for ACK. Please Wait.
2016-05-30 16:49:17,192 - root - INFO - AUTH Message sent. Waiting for ACK. Please Wait.
2016-05-30 16:49:21,193 - root - INFO - AUTH Message sent. Waiting for ACK. Please Wait.
2016-05-30 16:49:25,195 - root - INFO - AUTH Message sent. Waiting for ACK. Please Wait.
2016-05-30 16:49:29,196 - root - INFO - AUTH Message sent. Waiting for ACK. Please Wait.
2016-05-30 16:49:33,197 - root - INFO - AUTH Message sent. Waiting for ACK. Please Wait.
2016-05-30 16:49:37,198 - root - INFO - AUTH Message sent. Waiting for ACK. Please Wait.
2016-05-30 16:49:41,199 - root - INFO - AUTH Message sent. Waiting for ACK. Please Wait.
2016-05-30 16:49:45,200 - root - INFO - AUTH Message sent. Waiting for ACK. Please Wait.
2016-05-30 16:49:49,201 - root - INFO - AUTH Message sent. Waiting for ACK. Please Wait.
2016-05-30 16:49:53,202 - root - INFO - AUTH Message sent. Waiting for ACK. Please Wait.
2016-05-30 16:49:57,203 - root - INFO - AUTH Message sent. Waiting for ACK. Please Wait.
2016-05-30 16:50:01,204 - root - INFO - AUTH Message sent. Waiting for ACK. Please Wait.
2016-05-30 16:50:05,205 - root - INFO - AUTH Message sent. Waiting for ACK. Please Wait.
2016-05-30 16:50:09,207 - root - INFO - AUTH Message sent. Waiting for ACK. Please Wait.
2016-05-30 16:50:13,208 - root - INFO - AUTH Message sent. Waiting for ACK. Please Wait.
2016-05-30 16:50:17,209 - root - INFO - AUTH Message sent. Waiting for ACK. Please Wait.
2016-05-30 16:50:21,210 - root - INFO - AUTH Message sent. Waiting for ACK. Please Wait.
2016-05-30 16:50:25,211 - root - INFO - AUTH Message sent. Waiting for ACK. Please Wait.
2016-05-30 16:50:29,212 - root - INFO - AUTH Message sent. Waiting for ACK. Please Wait.
2016-05-30 16:50:33,213 - root - INFO - AUTH Message sent. Waiting for ACK. Please Wait.
2016-05-30 16:50:37,214 - root - INFO - AUTH Message sent. Waiting for ACK. Please Wait.
2016-05-30 16:50:41,215 - root - INFO - AUTH Message sent. Waiting for ACK. Please Wait.
2016-05-30 16:50:45,216 - root - INFO - AUTH Message sent. Waiting for ACK. Please Wait.
2016-05-30 16:50:49,217 - root - INFO - AUTH Message sent. Waiting for ACK. Please Wait.
2016-05-30 16:50:53,218 - root - INFO - AUTH Message sent. Waiting for ACK. Please Wait.
2016-05-30 16:50:57,219 - root - INFO - AUTH Message sent. Waiting for ACK. Please Wait.
2016-05-30 16:51:01,220 - root - INFO - AUTH Message sent. Waiting for ACK. Please Wait.
2016-05-30 16:51:05,221 - root - INFO - AUTH Message sent. Waiting for ACK. Please Wait.
2016-05-30 16:51:09,223 - root - INFO - AUTH Message sent. Waiting for ACK. Please Wait.
2016-05-30 16:51:13,224 - root - INFO - AUTH Message sent. Waiting for ACK. Please Wait.
2016-05-30 16:51:17,225 - root - INFO - AUTH Message sent. Waiting for ACK. Please Wait.
2016-05-30 16:51:21,226 - root - INFO - AUTH Message sent. Waiting for ACK. Please Wait.
2016-05-30 16:51:25,227 - root - INFO - AUTH Message sent. Waiting for ACK. Please Wait.
2016-05-30 16:51:29,228 - root - INFO - AUTH Message sent. Waiting for ACK. Please Wait.
2016-05-30 16:51:32,619 - root - ERROR - ['Traceback (most recent call last):\n', '  File "/media/raziel/Raziel-HDD/Work/NetworkProtocolDesign/Nesli/ITC8061/ChatApp/Utils.py", line 627, in recv_flag\n    data,addr = the_socket.recvfrom(buf)\n', 'BlockingIOError: [Errno 11] Resource temporarily unavailable\n', '\nDuring handling of the above exception, another exception occurred:\n\n', 'Traceback (most recent call last):\n', '  File "/media/raziel/Raziel-HDD/Work/NetworkProtocolDesign/Nesli/ITC8061/ChatApp/Utils.py", line 627, in recv_flag\n    data,addr = the_socket.recvfrom(buf)\n', 'KeyboardInterrupt\n']
2016-05-30 16:51:45,174 - root - INFO - Socket Information: ('10.224.0.39', 5555)
2016-05-30 16:52:01,869 - root - INFO - Neighboring Message is being prepared...
2016-05-30 16:52:01,871 - root - INFO - Message Sending Protocol Initialized...
2016-05-30 16:52:09,891 - root - INFO - Unpacking Message Array...
2016-05-30 16:52:18,456 - root - INFO - Message Sending Protocol Initialized...
2016-05-30 16:52:18,467 - root - INFO - NEIGHBORING ACK Message from EC8AF480 Processsed!.
2016-05-30 16:52:20,768 - root - WARNING - This UUID Already Exists
2016-05-30 16:52:20,774 - root - INFO - Message Sending Protocol Initialized...
2016-05-30 16:52:20,783 - root - INFO - Session Established with EC8AF480
2016-05-30 16:52:40,789 - root - INFO - Unpacking Message Array...
2016-05-30 16:52:40,791 - root - INFO - NEIGHBORING ACK Message from EC8AF480 Processsed!.
2016-05-30 16:53:11,969 - root - INFO - SessionKey Entry cannot be Found...Initialising AUTH Protocol...
2016-05-30 16:53:11,972 - root - INFO - Setting Passphrase.. This Procedure is one time only...
2016-05-30 16:53:15,824 - root - INFO - PassPhrase is set!
2016-05-30 16:53:15,830 - root - INFO - Auth Payload is being prepared...
2016-05-30 16:53:15,832 - root - INFO - PGP Challenge Encryption Process started...
2016-05-30 16:53:15,838 - root - ERROR - ['Traceback (most recent call last):\n', '  File "/media/raziel/Raziel-HDD/Work/NetworkProtocolDesign/Nesli/ITC8061/ChatApp/Utils.py", line 436, in PGPEncMsg\n    encrypted_challenge = gpg.encrypt(challenge, rec_id).data\n', "AttributeError: 'NoneType' object has no attribute 'encrypt'\n"]
2016-05-30 16:53:15,840 - root - ERROR - ['Traceback (most recent call last):\n', '  File "/media/raziel/Raziel-HDD/Work/NetworkProtocolDesign/Nesli/ITC8061/ChatApp/Utils.py", line 420, in PrepareAuthenticationPayload\n    AuthMessagetoSend, challenge = PGPEncMsg(rec_id, myPP)\n', "TypeError: 'NoneType' object is not iterable\n"]
2016-05-30 16:53:15,843 - root - INFO - Message Sending Protocol Initialized...
2016-05-30 16:53:15,851 - root - INFO - Auth Message Sent to: EC8AF480
2016-05-30 16:53:15,852 - root - INFO - AUTH Sent to: EC8AF480
2016-05-30 16:53:15,854 - root - INFO - AUTH Protocol is taking place for : Nesli
2016-05-30 16:53:19,855 - root - INFO - AUTH Message sent. Waiting for ACK. Please Wait.
2016-05-30 16:53:23,856 - root - INFO - AUTH Message sent. Waiting for ACK. Please Wait.
2016-05-30 16:53:27,858 - root - INFO - AUTH Message sent. Waiting for ACK. Please Wait.
2016-05-30 16:53:31,859 - root - INFO - AUTH Message sent. Waiting for ACK. Please Wait.
2016-05-30 16:53:35,860 - root - INFO - AUTH Message sent. Waiting for ACK. Please Wait.
2016-05-30 16:53:39,860 - root - INFO - AUTH Message sent. Waiting for ACK. Please Wait.
2016-05-30 16:53:43,861 - root - INFO - AUTH Message sent. Waiting for ACK. Please Wait.
2016-05-30 16:53:47,862 - root - INFO - AUTH Message sent. Waiting for ACK. Please Wait.
2016-05-30 16:53:51,702 - root - ERROR - ['Traceback (most recent call last):\n', '  File "/media/raziel/Raziel-HDD/Work/NetworkProtocolDesign/Nesli/ITC8061/ChatApp/Utils.py", line 623, in recv_flag\n    if total_data and Unpack(MessageClass, total_data[-1]).flag == 17 and time.time()-begin>timeout:\n', 'KeyboardInterrupt\n']
2016-05-30 16:55:24,537 - root - INFO - Socket Information: ('10.224.0.39', 5555)
2016-05-30 16:55:33,116 - root - INFO - Neighboring Message is being prepared...
2016-05-30 16:55:33,118 - root - INFO - Message Sending Protocol Initialized...
2016-05-30 16:55:41,181 - root - INFO - Unpacking Message Array...
2016-05-30 16:55:43,915 - root - INFO - Message Sending Protocol Initialized...
2016-05-30 16:55:43,932 - root - INFO - NEIGHBORING ACK Message from EC8AF480 Processsed!.
2016-05-30 16:55:43,937 - root - WARNING - This UUID Already Exists
2016-05-30 16:55:43,943 - root - INFO - Message Sending Protocol Initialized...
2016-05-30 16:55:43,952 - root - INFO - Session Established with EC8AF480Waiting For ACK Message...
2016-05-30 16:56:01,962 - root - INFO - Unpacking Message Array...
2016-05-30 16:56:01,964 - root - INFO - NEIGHBORING ACK Message from EC8AF480 Processsed!.
2016-05-30 16:56:37,969 - root - INFO - SessionKey Entry cannot be Found...Initialising AUTH Protocol...
2016-05-30 16:56:37,969 - root - INFO - Setting Passphrase.. This Procedure is one time only...
2016-05-30 16:56:54,148 - root - INFO - PassPhrase is set!
2016-05-30 16:56:54,152 - root - INFO - Auth Payload is being prepared...
2016-05-30 16:57:52,727 - root - ERROR - ['Traceback (most recent call last):\n', '  File "/media/raziel/Raziel-HDD/Work/NetworkProtocolDesign/Nesli/ITC8061/ChatApp/Utils.py", line 433, in PGPEncMsg\n    logging.info("PGP Challenge Encryption Process started...")\n', '  File "/media/raziel/Raziel-HDD/Work/NetworkProtocolDesign/Nesli/ITC8061/ChatApp/Utils.py", line 433, in PGPEncMsg\n    logging.info("PGP Challenge Encryption Process started...")\n', '  File "/home/raziel/Downloads/pycharm-community-2016.1.4/helpers/pydev/_pydevd_bundle/pydevd_frame.py", line 492, in trace_dispatch\n    self.do_wait_suspend(thread, frame, event, arg)\n', '  File "/home/raziel/Downloads/pycharm-community-2016.1.4/helpers/pydev/_pydevd_bundle/pydevd_frame.py", line 69, in do_wait_suspend\n    self._args[0].do_wait_suspend(*args, **kwargs)\n', '  File "/home/raziel/Downloads/pycharm-community-2016.1.4/helpers/pydev/pydevd.py", line 712, in do_wait_suspend\n    time.sleep(0.01)\n', 'KeyboardInterrupt\n']
2016-05-30 16:57:52,728 - root - ERROR - ['Traceback (most recent call last):\n', '  File "/media/raziel/Raziel-HDD/Work/NetworkProtocolDesign/Nesli/ITC8061/ChatApp/Utils.py", line 420, in PrepareAuthenticationPayload\n    AuthMessagetoSend, challenge = PGPEncMsg(rec_id, myPP)\n', "TypeError: 'NoneType' object is not iterable\n"]
2016-05-30 16:57:52,729 - root - INFO - Message Sending Protocol Initialized...
2016-05-30 16:57:52,730 - root - INFO - Auth Message Sent to: EC8AF480
2016-05-30 16:57:52,730 - root - INFO - AUTH Sent to: EC8AF480
2016-05-30 16:57:52,730 - root - INFO - AUTH Protocol is taking place for : Nesli
2016-05-30 16:58:07,786 - root - INFO - Socket Information: ('10.224.0.39', 5555)
2016-05-30 16:58:24,968 - root - INFO - Socket Information: ('10.224.0.39', 5555)
2016-05-30 16:58:34,059 - root - INFO - Preparing GnuPG...
2016-05-30 16:59:37,038 - root - INFO - Neighboring Message is being prepared...
2016-05-30 16:59:37,041 - root - INFO - Message Sending Protocol Initialized...
2016-05-30 16:59:45,055 - root - INFO - Unpacking Message Array...
2016-05-30 16:59:49,053 - root - INFO - Message Sending Protocol Initialized...
2016-05-30 16:59:49,071 - root - INFO - NEIGHBORING ACK Message from EC8AF480 Processsed!. You Can Start Session Initialization Protocol.
2016-05-30 16:59:49,076 - root - WARNING - This UUID Already Exists
2016-05-30 16:59:49,081 - root - INFO - Message Sending Protocol Initialized...
2016-05-30 16:59:49,090 - root - INFO - Session Established with EC8AF480 Waiting For ACK Message...
2016-05-30 17:00:07,795 - root - INFO - Unpacking Message Array...
2016-05-30 17:00:07,797 - root - INFO - NEIGHBORING ACK Message from EC8AF480 Processsed!. You Can Start Session Initialization Protocol.
2016-05-30 17:00:15,799 - root - INFO - SessionKey Entry cannot be Found...Initialising AUTH Protocol...
2016-05-30 17:00:15,800 - root - INFO - Setting Passphrase.. This Procedure is one time only...
2016-05-30 17:00:18,634 - root - INFO - PassPhrase is set!
2016-05-30 17:00:18,641 - root - INFO - Auth Payload is being prepared...
2016-05-30 17:00:23,534 - root - INFO - PGP Challenge Encryption Process started...
2016-05-30 17:03:15,103 - root - INFO - Message Sending Protocol Initialized...
2016-05-30 17:03:36,422 - root - INFO - Auth Message Sent to: EC8AF480
2016-05-30 17:03:41,763 - root - INFO - AUTH Sent to: EC8AF480
2016-05-30 17:03:57,457 - root - INFO - AUTH Protocol is taking place for : Nesli
2016-05-30 17:05:58,179 - root - INFO - Socket Information: ('10.224.0.39', 5555)
2016-05-30 17:06:01,531 - root - INFO - Preparing GnuPG...
2016-05-30 17:06:15,759 - root - INFO - Neighboring Message is being prepared...
2016-05-30 17:06:15,763 - root - INFO - Message Sending Protocol Initialized...
2016-05-30 17:06:23,791 - root - INFO - Unpacking Message Array...
2016-05-30 17:06:26,957 - root - INFO - Message Sending Protocol Initialized...
2016-05-30 17:06:26,967 - root - INFO - NEIGHBORING ACK Message from EC8AF480 Processsed!. You Can Start Session Initialization Protocol.
2016-05-30 17:06:26,971 - root - WARNING - This UUID Already Exists
2016-05-30 17:06:26,975 - root - INFO - Message Sending Protocol Initialized...
2016-05-30 17:06:26,982 - root - INFO - Session Established with EC8AF480 Waiting For ACK Message...
2016-05-30 17:06:37,732 - root - INFO - Unpacking Message Array...
2016-05-30 17:06:37,734 - root - INFO - NEIGHBORING ACK Message from EC8AF480 Processsed!. You Can Start Session Initialization Protocol.
2016-05-30 17:06:57,738 - root - INFO - SessionKey Entry cannot be Found...Initialising AUTH Protocol...
2016-05-30 17:06:57,739 - root - INFO - Setting Passphrase.. This Procedure is one time only...
2016-05-30 17:07:04,663 - root - INFO - PassPhrase is set!
2016-05-30 17:07:04,669 - root - INFO - Auth Payload is being prepared...
2016-05-30 17:07:10,479 - root - INFO - PGP Challenge Encryption Process started...
2016-05-30 17:07:10,604 - root - INFO - Message Sending Protocol Initialized...
2016-05-30 17:07:10,653 - root - INFO - Auth Message Sent to: EC8AF480
2016-05-30 17:07:10,655 - root - INFO - AUTH Sent to: EC8AF480
2016-05-30 17:07:10,656 - root - INFO - AUTH Protocol is taking place for : Nesli
2016-05-30 17:07:14,657 - root - INFO - AUTH Message sent. Waiting for ACK. Please Wait.
2016-05-30 17:07:18,658 - root - INFO - AUTH Message sent. Waiting for ACK. Please Wait.
2016-05-30 17:07:22,659 - root - INFO - AUTH Message sent. Waiting for ACK. Please Wait.
2016-05-30 17:07:26,660 - root - INFO - AUTH Message sent. Waiting for ACK. Please Wait.
2016-05-30 17:07:30,661 - root - INFO - AUTH Message sent. Waiting for ACK. Please Wait.
2016-05-30 17:07:34,662 - root - INFO - AUTH Message sent. Waiting for ACK. Please Wait.
2016-05-30 17:07:38,663 - root - INFO - AUTH Message sent. Waiting for ACK. Please Wait.
2016-05-30 17:07:42,664 - root - INFO - AUTH Message sent. Waiting for ACK. Please Wait.
2016-05-30 17:07:46,665 - root - INFO - AUTH Message sent. Waiting for ACK. Please Wait.
2016-05-30 17:07:50,666 - root - INFO - AUTH Message sent. Waiting for ACK. Please Wait.
2016-05-30 17:07:54,667 - root - INFO - AUTH Message sent. Waiting for ACK. Please Wait.
2016-05-30 17:07:58,668 - root - INFO - AUTH Message sent. Waiting for ACK. Please Wait.
2016-05-30 17:08:02,669 - root - INFO - AUTH Message sent. Waiting for ACK. Please Wait.
2016-05-30 17:08:06,670 - root - INFO - AUTH Message sent. Waiting for ACK. Please Wait.
2016-05-30 17:08:10,671 - root - INFO - AUTH Message sent. Waiting for ACK. Please Wait.
2016-05-30 17:08:14,672 - root - INFO - AUTH Message sent. Waiting for ACK. Please Wait.
2016-05-30 17:08:18,673 - root - INFO - AUTH Message sent. Waiting for ACK. Please Wait.
2016-05-30 17:08:22,674 - root - INFO - AUTH Message sent. Waiting for ACK. Please Wait.
2016-05-30 17:08:26,675 - root - INFO - AUTH Message sent. Waiting for ACK. Please Wait.
2016-05-30 17:08:30,676 - root - INFO - AUTH Message sent. Waiting for ACK. Please Wait.
2016-05-30 17:08:34,677 - root - INFO - AUTH Message sent. Waiting for ACK. Please Wait.
2016-05-30 17:08:38,678 - root - INFO - AUTH Message sent. Waiting for ACK. Please Wait.
2016-05-30 17:08:42,679 - root - INFO - AUTH Message sent. Waiting for ACK. Please Wait.
2016-05-30 17:08:46,680 - root - INFO - AUTH Message sent. Waiting for ACK. Please Wait.
2016-05-30 17:08:50,680 - root - INFO - AUTH Message sent. Waiting for ACK. Please Wait.
2016-05-30 17:08:54,682 - root - INFO - AUTH Message sent. Waiting for ACK. Please Wait.
2016-05-30 17:08:58,683 - root - INFO - AUTH Message sent. Waiting for ACK. Please Wait.
2016-05-30 17:09:02,684 - root - INFO - AUTH Message sent. Waiting for ACK. Please Wait.
2016-05-30 17:09:06,685 - root - INFO - AUTH Message sent. Waiting for ACK. Please Wait.
2016-05-30 17:09:10,687 - root - INFO - AUTH Message sent. Waiting for ACK. Please Wait.
2016-05-30 17:09:14,688 - root - INFO - AUTH Message sent. Waiting for ACK. Please Wait.
2016-05-30 17:09:18,689 - root - INFO - AUTH Message sent. Waiting for ACK. Please Wait.
2016-05-30 17:09:22,690 - root - INFO - AUTH Message sent. Waiting for ACK. Please Wait.
2016-05-30 17:09:26,692 - root - INFO - AUTH Message sent. Waiting for ACK. Please Wait.
2016-05-30 17:09:30,693 - root - INFO - AUTH Message sent. Waiting for ACK. Please Wait.
2016-05-30 17:09:34,694 - root - INFO - AUTH Message sent. Waiting for ACK. Please Wait.
2016-05-30 17:09:38,695 - root - INFO - AUTH Message sent. Waiting for ACK. Please Wait.
2016-05-30 17:09:42,696 - root - INFO - AUTH Message sent. Waiting for ACK. Please Wait.
2016-05-30 17:09:46,697 - root - INFO - AUTH Message sent. Waiting for ACK. Please Wait.
2016-05-30 17:09:50,699 - root - INFO - AUTH Message sent. Waiting for ACK. Please Wait.
2016-05-30 17:09:54,700 - root - INFO - AUTH Message sent. Waiting for ACK. Please Wait.
2016-05-30 17:09:58,701 - root - INFO - AUTH Message sent. Waiting for ACK. Please Wait.
2016-05-30 17:10:02,702 - root - INFO - AUTH Message sent. Waiting for ACK. Please Wait.
2016-05-30 17:10:06,704 - root - INFO - AUTH Message sent. Waiting for ACK. Please Wait.
2016-05-30 17:10:10,704 - root - INFO - AUTH Message sent. Waiting for ACK. Please Wait.
2016-05-30 17:10:14,705 - root - INFO - AUTH Message sent. Waiting for ACK. Please Wait.
2016-05-30 17:10:18,706 - root - INFO - AUTH Message sent. Waiting for ACK. Please Wait.
2016-05-30 17:10:22,707 - root - INFO - AUTH Message sent. Waiting for ACK. Please Wait.
2016-05-30 17:10:26,709 - root - INFO - AUTH Message sent. Waiting for ACK. Please Wait.
2016-05-30 17:10:30,710 - root - INFO - AUTH Message sent. Waiting for ACK. Please Wait.
2016-05-30 17:10:34,711 - root - INFO - AUTH Message sent. Waiting for ACK. Please Wait.
2016-05-30 17:10:38,712 - root - INFO - AUTH Message sent. Waiting for ACK. Please Wait.
2016-05-30 17:10:42,713 - root - INFO - AUTH Message sent. Waiting for ACK. Please Wait.
2016-05-30 17:10:46,714 - root - INFO - AUTH Message sent. Waiting for ACK. Please Wait.
2016-05-30 17:10:50,715 - root - INFO - AUTH Message sent. Waiting for ACK. Please Wait.
2016-05-30 17:10:54,716 - root - INFO - AUTH Message sent. Waiting for ACK. Please Wait.
2016-05-30 17:10:58,717 - root - INFO - AUTH Message sent. Waiting for ACK. Please Wait.
2016-05-30 17:11:02,718 - root - INFO - AUTH Message sent. Waiting for ACK. Please Wait.
2016-05-30 17:11:06,719 - root - INFO - AUTH Message sent. Waiting for ACK. Please Wait.
2016-05-30 17:11:10,720 - root - INFO - AUTH Message sent. Waiting for ACK. Please Wait.
2016-05-30 17:11:14,721 - root - INFO - AUTH Message sent. Waiting for ACK. Please Wait.
2016-05-30 17:11:18,722 - root - INFO - AUTH Message sent. Waiting for ACK. Please Wait.
2016-05-30 17:11:22,723 - root - INFO - AUTH Message sent. Waiting for ACK. Please Wait.
2016-05-30 17:11:26,725 - root - INFO - AUTH Message sent. Waiting for ACK. Please Wait.
2016-05-30 17:11:30,725 - root - INFO - AUTH Message sent. Waiting for ACK. Please Wait.
2016-05-30 17:11:34,727 - root - INFO - AUTH Message sent. Waiting for ACK. Please Wait.
2016-05-30 17:11:38,728 - root - INFO - AUTH Message sent. Waiting for ACK. Please Wait.
2016-05-30 17:11:42,729 - root - INFO - AUTH Message sent. Waiting for ACK. Please Wait.
2016-05-30 17:11:46,731 - root - INFO - AUTH Message sent. Waiting for ACK. Please Wait.
2016-05-30 17:11:50,733 - root - INFO - AUTH Message sent. Waiting for ACK. Please Wait.
2016-05-30 17:11:54,734 - root - INFO - AUTH Message sent. Waiting for ACK. Please Wait.
2016-05-30 17:11:58,735 - root - INFO - AUTH Message sent. Waiting for ACK. Please Wait.
2016-05-30 17:12:02,736 - root - INFO - AUTH Message sent. Waiting for ACK. Please Wait.
2016-05-30 17:12:06,737 - root - INFO - AUTH Message sent. Waiting for ACK. Please Wait.
2016-05-30 17:12:10,738 - root - INFO - AUTH Message sent. Waiting for ACK. Please Wait.
2016-05-30 17:12:14,739 - root - INFO - AUTH Message sent. Waiting for ACK. Please Wait.
2016-05-30 17:12:18,740 - root - INFO - AUTH Message sent. Waiting for ACK. Please Wait.
2016-05-30 17:12:22,741 - root - INFO - AUTH Message sent. Waiting for ACK. Please Wait.
2016-05-30 17:12:26,742 - root - INFO - AUTH Message sent. Waiting for ACK. Please Wait.
2016-05-30 17:12:30,743 - root - INFO - AUTH Message sent. Waiting for ACK. Please Wait.
2016-05-30 17:12:34,744 - root - INFO - AUTH Message sent. Waiting for ACK. Please Wait.
2016-05-30 17:12:38,745 - root - INFO - AUTH Message sent. Waiting for ACK. Please Wait.
2016-05-30 17:12:42,746 - root - INFO - AUTH Message sent. Waiting for ACK. Please Wait.
2016-05-30 17:12:46,747 - root - INFO - AUTH Message sent. Waiting for ACK. Please Wait.
2016-05-30 17:12:50,748 - root - INFO - AUTH Message sent. Waiting for ACK. Please Wait.
2016-05-30 17:12:54,749 - root - INFO - AUTH Message sent. Waiting for ACK. Please Wait.
2016-05-30 17:12:58,749 - root - INFO - AUTH Message sent. Waiting for ACK. Please Wait.
2016-05-30 17:13:02,750 - root - INFO - AUTH Message sent. Waiting for ACK. Please Wait.
2016-05-30 17:13:06,752 - root - INFO - AUTH Message sent. Waiting for ACK. Please Wait.
2016-05-30 17:13:10,753 - root - INFO - AUTH Message sent. Waiting for ACK. Please Wait.
2016-05-30 17:13:14,754 - root - INFO - AUTH Message sent. Waiting for ACK. Please Wait.
2016-05-30 17:13:18,755 - root - INFO - AUTH Message sent. Waiting for ACK. Please Wait.
2016-05-30 17:13:22,755 - root - INFO - AUTH Message sent. Waiting for ACK. Please Wait.
2016-05-30 17:13:26,757 - root - INFO - AUTH Message sent. Waiting for ACK. Please Wait.
2016-05-30 17:13:27,087 - root - ERROR - ['Traceback (most recent call last):\n', '  File "/media/raziel/Raziel-HDD/Work/NetworkProtocolDesign/Nesli/ITC8061/ChatApp/Utils.py", line 627, in recv_flag\n    data,addr = the_socket.recvfrom(buf)\n', 'BlockingIOError: [Errno 11] Resource temporarily unavailable\n', '\nDuring handling of the above exception, another exception occurred:\n\n', 'Traceback (most recent call last):\n', '  File "/media/raziel/Raziel-HDD/Work/NetworkProtocolDesign/Nesli/ITC8061/ChatApp/Utils.py", line 627, in recv_flag\n    data,addr = the_socket.recvfrom(buf)\n', 'KeyboardInterrupt\n']
2016-05-30 17:14:09,722 - root - INFO - Socket Information: ('10.224.0.39', 5555)
2016-05-30 17:14:09,726 - root - INFO - Preparing GnuPG...
2016-05-30 17:14:22,482 - root - INFO - Neighboring Message is being prepared...
2016-05-30 17:14:22,486 - root - INFO - Message Sending Protocol Initialized...
2016-05-30 17:14:30,527 - root - INFO - Unpacking Message Array...
2016-05-30 17:14:35,649 - root - INFO - Message Sending Protocol Initialized...
2016-05-30 17:14:35,664 - root - INFO - NEIGHBORING ACK Message from EC8AF480 Processsed!. You Can Start Session Initialization Protocol.
2016-05-30 17:14:35,670 - root - WARNING - This UUID Already Exists
2016-05-30 17:14:35,676 - root - INFO - Message Sending Protocol Initialized...
2016-05-30 17:14:35,686 - root - INFO - Session Established with EC8AF480 Waiting For ACK Message...
2016-05-30 17:14:46,525 - root - INFO - Unpacking Message Array...
2016-05-30 17:14:46,527 - root - INFO - NEIGHBORING ACK Message from EC8AF480 Processsed!. You Can Start Session Initialization Protocol.
2016-05-30 17:14:54,530 - root - INFO - SessionKey Entry cannot be Found...Initialising AUTH Protocol...
2016-05-30 17:14:54,531 - root - INFO - Setting Passphrase.. This Procedure is one time only...
2016-05-30 17:14:58,050 - root - INFO - PassPhrase is set!
2016-05-30 17:15:07,283 - root - INFO - Auth Payload is being prepared...
2016-05-30 17:15:18,042 - root - INFO - PGP Challenge Encryption Process started...
2016-05-30 17:15:58,971 - root - INFO - Message Sending Protocol Initialized...
2016-05-30 17:15:59,019 - root - INFO - Auth Message Sent to: EC8AF480
2016-05-30 17:15:59,021 - root - INFO - AUTH Sent to: EC8AF480
2016-05-30 17:15:59,023 - root - INFO - AUTH Protocol is taking place for : Nesli
2016-05-30 17:16:03,024 - root - INFO - AUTH Message sent. Waiting for ACK. Please Wait.
2016-05-30 17:16:07,025 - root - INFO - AUTH Message sent. Waiting for ACK. Please Wait.
2016-05-30 17:16:11,026 - root - INFO - AUTH Message sent. Waiting for ACK. Please Wait.
2016-05-30 17:16:15,027 - root - INFO - AUTH Message sent. Waiting for ACK. Please Wait.
2016-05-30 17:16:19,028 - root - INFO - AUTH Message sent. Waiting for ACK. Please Wait.
2016-05-30 17:16:23,029 - root - INFO - AUTH Message sent. Waiting for ACK. Please Wait.
2016-05-30 17:16:27,030 - root - INFO - AUTH Message sent. Waiting for ACK. Please Wait.
2016-05-30 17:16:31,031 - root - INFO - AUTH Message sent. Waiting for ACK. Please Wait.
2016-05-30 17:16:35,032 - root - INFO - AUTH Message sent. Waiting for ACK. Please Wait.
2016-05-30 17:16:39,033 - root - INFO - AUTH Message sent. Waiting for ACK. Please Wait.
2016-05-30 17:16:43,034 - root - INFO - AUTH Message sent. Waiting for ACK. Please Wait.
2016-05-30 17:16:47,035 - root - INFO - AUTH Message sent. Waiting for ACK. Please Wait.
2016-05-30 17:16:51,036 - root - INFO - AUTH Message sent. Waiting for ACK. Please Wait.
2016-05-30 17:16:55,037 - root - INFO - AUTH Message sent. Waiting for ACK. Please Wait.
2016-05-30 17:16:59,038 - root - INFO - AUTH Message sent. Waiting for ACK. Please Wait.
2016-05-30 17:17:03,039 - root - INFO - AUTH Message sent. Waiting for ACK. Please Wait.
2016-05-30 17:17:07,040 - root - INFO - AUTH Message sent. Waiting for ACK. Please Wait.
2016-05-30 17:17:11,041 - root - INFO - AUTH Message sent. Waiting for ACK. Please Wait.
2016-05-30 17:17:15,042 - root - INFO - AUTH Message sent. Waiting for ACK. Please Wait.
2016-05-30 17:17:19,043 - root - INFO - AUTH Message sent. Waiting for ACK. Please Wait.
2016-05-30 17:17:23,043 - root - INFO - AUTH Message sent. Waiting for ACK. Please Wait.
2016-05-30 17:17:27,045 - root - INFO - AUTH Message sent. Waiting for ACK. Please Wait.
2016-05-30 17:17:31,046 - root - INFO - AUTH Message sent. Waiting for ACK. Please Wait.
2016-05-30 17:17:35,046 - root - INFO - AUTH Message sent. Waiting for ACK. Please Wait.
2016-05-30 17:17:39,047 - root - INFO - AUTH Message sent. Waiting for ACK. Please Wait.
2016-05-30 17:17:43,048 - root - INFO - AUTH Message sent. Waiting for ACK. Please Wait.
2016-05-30 17:17:47,050 - root - INFO - AUTH Message sent. Waiting for ACK. Please Wait.
2016-05-30 17:17:51,050 - root - INFO - AUTH Message sent. Waiting for ACK. Please Wait.
2016-05-30 17:17:55,052 - root - INFO - AUTH Message sent. Waiting for ACK. Please Wait.
2016-05-30 17:17:59,053 - root - INFO - AUTH Message sent. Waiting for ACK. Please Wait.
2016-05-30 17:18:03,053 - root - INFO - AUTH Message sent. Waiting for ACK. Please Wait.
2016-05-30 17:18:07,054 - root - INFO - AUTH Message sent. Waiting for ACK. Please Wait.
2016-05-30 17:18:11,056 - root - INFO - AUTH Message sent. Waiting for ACK. Please Wait.
2016-05-30 17:18:15,057 - root - INFO - AUTH Message sent. Waiting for ACK. Please Wait.
2016-05-30 17:18:19,057 - root - INFO - AUTH Message sent. Waiting for ACK. Please Wait.
2016-05-30 17:18:23,058 - root - INFO - AUTH Message sent. Waiting for ACK. Please Wait.
2016-05-30 17:18:27,059 - root - INFO - AUTH Message sent. Waiting for ACK. Please Wait.
2016-05-30 17:18:31,060 - root - INFO - AUTH Message sent. Waiting for ACK. Please Wait.
2016-05-30 17:18:35,061 - root - INFO - AUTH Message sent. Waiting for ACK. Please Wait.
2016-05-30 17:18:39,062 - root - INFO - AUTH Message sent. Waiting for ACK. Please Wait.
2016-05-30 17:18:43,063 - root - INFO - AUTH Message sent. Waiting for ACK. Please Wait.
2016-05-30 17:18:47,064 - root - INFO - AUTH Message sent. Waiting for ACK. Please Wait.
2016-05-30 17:18:51,065 - root - INFO - AUTH Message sent. Waiting for ACK. Please Wait.
2016-05-30 17:18:55,066 - root - INFO - AUTH Message sent. Waiting for ACK. Please Wait.
2016-05-30 17:18:59,067 - root - INFO - AUTH Message sent. Waiting for ACK. Please Wait.
2016-05-30 17:19:03,068 - root - INFO - AUTH Message sent. Waiting for ACK. Please Wait.
2016-05-30 17:19:07,069 - root - INFO - AUTH Message sent. Waiting for ACK. Please Wait.
2016-05-30 17:19:11,070 - root - INFO - AUTH Message sent. Waiting for ACK. Please Wait.
2016-05-30 17:19:15,071 - root - INFO - AUTH Message sent. Waiting for ACK. Please Wait.
2016-05-30 17:19:19,072 - root - INFO - AUTH Message sent. Waiting for ACK. Please Wait.
2016-05-30 17:19:23,073 - root - INFO - AUTH Message sent. Waiting for ACK. Please Wait.
2016-05-30 17:19:27,074 - root - INFO - AUTH Message sent. Waiting for ACK. Please Wait.
2016-05-30 17:19:31,075 - root - INFO - AUTH Message sent. Waiting for ACK. Please Wait.
2016-05-30 17:19:35,075 - root - INFO - AUTH Message sent. Waiting for ACK. Please Wait.
2016-05-30 17:19:39,076 - root - INFO - AUTH Message sent. Waiting for ACK. Please Wait.
2016-05-30 17:19:43,077 - root - INFO - AUTH Message sent. Waiting for ACK. Please Wait.
2016-05-30 17:19:47,078 - root - INFO - AUTH Message sent. Waiting for ACK. Please Wait.
2016-05-30 17:19:51,079 - root - INFO - AUTH Message sent. Waiting for ACK. Please Wait.
2016-05-30 17:19:55,080 - root - INFO - AUTH Message sent. Waiting for ACK. Please Wait.
2016-05-30 17:19:59,082 - root - INFO - AUTH Message sent. Waiting for ACK. Please Wait.
2016-05-30 17:20:03,082 - root - INFO - AUTH Message sent. Waiting for ACK. Please Wait.
2016-05-30 17:20:07,084 - root - INFO - AUTH Message sent. Waiting for ACK. Please Wait.
2016-05-30 17:20:11,085 - root - INFO - AUTH Message sent. Waiting for ACK. Please Wait.
2016-05-30 17:20:15,086 - root - INFO - AUTH Message sent. Waiting for ACK. Please Wait.
2016-05-30 17:20:19,087 - root - INFO - AUTH Message sent. Waiting for ACK. Please Wait.
2016-05-30 17:20:23,088 - root - INFO - AUTH Message sent. Waiting for ACK. Please Wait.
2016-05-30 17:20:27,089 - root - INFO - AUTH Message sent. Waiting for ACK. Please Wait.
2016-05-30 17:20:31,090 - root - INFO - AUTH Message sent. Waiting for ACK. Please Wait.
2016-05-30 17:20:35,091 - root - INFO - AUTH Message sent. Waiting for ACK. Please Wait.
2016-05-30 17:20:39,092 - root - INFO - AUTH Message sent. Waiting for ACK. Please Wait.
2016-05-30 17:20:43,093 - root - INFO - AUTH Message sent. Waiting for ACK. Please Wait.
2016-05-30 17:20:47,094 - root - INFO - AUTH Message sent. Waiting for ACK. Please Wait.
2016-05-30 17:20:51,095 - root - INFO - AUTH Message sent. Waiting for ACK. Please Wait.
2016-05-30 17:20:55,096 - root - INFO - AUTH Message sent. Waiting for ACK. Please Wait.
2016-05-30 17:20:59,098 - root - INFO - AUTH Message sent. Waiting for ACK. Please Wait.
2016-05-30 17:21:03,100 - root - INFO - AUTH Message sent. Waiting for ACK. Please Wait.
2016-05-30 17:21:07,101 - root - INFO - AUTH Message sent. Waiting for ACK. Please Wait.
2016-05-30 17:21:11,102 - root - INFO - AUTH Message sent. Waiting for ACK. Please Wait.
2016-05-30 17:21:15,103 - root - INFO - AUTH Message sent. Waiting for ACK. Please Wait.
2016-05-30 17:21:19,104 - root - INFO - AUTH Message sent. Waiting for ACK. Please Wait.
2016-05-30 17:21:23,105 - root - INFO - AUTH Message sent. Waiting for ACK. Please Wait.
2016-05-30 17:21:27,106 - root - INFO - AUTH Message sent. Waiting for ACK. Please Wait.
2016-05-30 17:21:31,107 - root - INFO - AUTH Message sent. Waiting for ACK. Please Wait.
2016-05-30 17:21:35,108 - root - INFO - AUTH Message sent. Waiting for ACK. Please Wait.
2016-05-30 17:21:39,109 - root - INFO - AUTH Message sent. Waiting for ACK. Please Wait.
2016-05-30 17:21:43,110 - root - INFO - AUTH Message sent. Waiting for ACK. Please Wait.
2016-05-30 17:21:47,111 - root - INFO - AUTH Message sent. Waiting for ACK. Please Wait.
2016-05-30 17:21:51,112 - root - INFO - AUTH Message sent. Waiting for ACK. Please Wait.
2016-05-30 17:21:55,112 - root - INFO - AUTH Message sent. Waiting for ACK. Please Wait.
2016-05-30 17:21:59,113 - root - INFO - AUTH Message sent. Waiting for ACK. Please Wait.
2016-05-30 17:22:03,114 - root - INFO - AUTH Message sent. Waiting for ACK. Please Wait.
2016-05-30 17:22:07,115 - root - INFO - AUTH Message sent. Waiting for ACK. Please Wait.
2016-05-30 17:22:11,116 - root - INFO - AUTH Message sent. Waiting for ACK. Please Wait.
2016-05-30 17:22:15,117 - root - INFO - AUTH Message sent. Waiting for ACK. Please Wait.
2016-05-30 17:22:19,118 - root - INFO - AUTH Message sent. Waiting for ACK. Please Wait.
2016-05-30 17:22:23,119 - root - INFO - AUTH Message sent. Waiting for ACK. Please Wait.
2016-05-30 17:22:27,121 - root - INFO - AUTH Message sent. Waiting for ACK. Please Wait.
2016-05-30 17:22:31,122 - root - INFO - AUTH Message sent. Waiting for ACK. Please Wait.
2016-05-30 17:22:35,123 - root - INFO - AUTH Message sent. Waiting for ACK. Please Wait.
2016-05-30 17:22:39,124 - root - INFO - AUTH Message sent. Waiting for ACK. Please Wait.
2016-05-30 17:22:43,125 - root - INFO - AUTH Message sent. Waiting for ACK. Please Wait.
2016-05-30 17:22:47,126 - root - INFO - AUTH Message sent. Waiting for ACK. Please Wait.
2016-05-30 17:22:51,127 - root - INFO - AUTH Message sent. Waiting for ACK. Please Wait.
2016-05-30 17:22:55,128 - root - INFO - AUTH Message sent. Waiting for ACK. Please Wait.
2016-05-30 17:22:57,945 - root - ERROR - ['Traceback (most recent call last):\n', '  File "/media/raziel/Raziel-HDD/Work/NetworkProtocolDesign/Nesli/ITC8061/ChatApp/Utils.py", line 627, in recv_flag\n    data,addr = the_socket.recvfrom(buf)\n', 'BlockingIOError: [Errno 11] Resource temporarily unavailable\n', '\nDuring handling of the above exception, another exception occurred:\n\n', 'Traceback (most recent call last):\n', '  File "/media/raziel/Raziel-HDD/Work/NetworkProtocolDesign/Nesli/ITC8061/ChatApp/Utils.py", line 627, in recv_flag\n    data,addr = the_socket.recvfrom(buf)\n', 'KeyboardInterrupt\n']
2016-05-30 17:23:06,899 - root - INFO - Socket Information: ('10.224.0.39', 5555)
2016-05-30 17:23:06,903 - root - INFO - Preparing GnuPG...
2016-05-30 17:23:15,593 - root - INFO - Neighboring Message is being prepared...
2016-05-30 17:23:15,596 - root - INFO - Message Sending Protocol Initialized...
2016-05-30 17:23:23,773 - root - INFO - Unpacking Message Array...
2016-05-30 17:23:26,721 - root - INFO - Message Sending Protocol Initialized...
2016-05-30 17:23:26,736 - root - INFO - NEIGHBORING ACK Message from EC8AF480 Processsed!. You Can Start Session Initialization Protocol.
2016-05-30 17:23:26,739 - root - WARNING - This UUID Already Exists
2016-05-30 17:23:26,743 - root - INFO - Message Sending Protocol Initialized...
2016-05-30 17:23:26,749 - root - INFO - Session Established with EC8AF480 Waiting For ACK Message...
2016-05-30 17:23:37,593 - root - INFO - Unpacking Message Array...
2016-05-30 17:23:37,595 - root - INFO - NEIGHBORING ACK Message from EC8AF480 Processsed!. You Can Start Session Initialization Protocol.
2016-05-30 17:23:45,597 - root - INFO - SessionKey Entry cannot be Found...Initialising AUTH Protocol...
2016-05-30 17:23:45,598 - root - INFO - Setting Passphrase.. This Procedure is one time only...
2016-05-30 17:23:48,694 - root - INFO - PassPhrase is set!
2016-05-30 17:23:52,651 - root - INFO - Auth Payload is being prepared...
2016-05-30 17:26:05,973 - root - ERROR - ['Traceback (most recent call last):\n', '  File "/media/raziel/Raziel-HDD/Work/NetworkProtocolDesign/Nesli/ITC8061/ChatApp/Utils.py", line 433, in PGPEncMsg\n    logging.info("PGP Challenge Encryption Process started...")\n', '  File "/media/raziel/Raziel-HDD/Work/NetworkProtocolDesign/Nesli/ITC8061/ChatApp/Utils.py", line 433, in PGPEncMsg\n    logging.info("PGP Challenge Encryption Process started...")\n', '  File "/home/raziel/Downloads/pycharm-community-2016.1.4/helpers/pydev/_pydevd_bundle/pydevd_frame.py", line 492, in trace_dispatch\n    self.do_wait_suspend(thread, frame, event, arg)\n', '  File "/home/raziel/Downloads/pycharm-community-2016.1.4/helpers/pydev/_pydevd_bundle/pydevd_frame.py", line 69, in do_wait_suspend\n    self._args[0].do_wait_suspend(*args, **kwargs)\n', '  File "/home/raziel/Downloads/pycharm-community-2016.1.4/helpers/pydev/pydevd.py", line 712, in do_wait_suspend\n    time.sleep(0.01)\n', 'KeyboardInterrupt\n']
2016-05-30 17:26:05,974 - root - ERROR - ['Traceback (most recent call last):\n', '  File "/media/raziel/Raziel-HDD/Work/NetworkProtocolDesign/Nesli/ITC8061/ChatApp/Utils.py", line 420, in PrepareAuthenticationPayload\n    AuthMessagetoSend, challenge = PGPEncMsg(rec_id, myPP)\n', "TypeError: 'NoneType' object is not iterable\n"]
2016-05-30 17:26:05,975 - root - INFO - Message Sending Protocol Initialized...
2016-05-30 17:26:05,976 - root - INFO - Auth Message Sent to: EC8AF480
2016-05-30 17:26:05,977 - root - INFO - AUTH Sent to: EC8AF480
2016-05-30 17:26:05,977 - root - INFO - AUTH Protocol is taking place for : Nesli
2016-05-30 17:26:09,977 - root - INFO - AUTH Message sent. Waiting for ACK. Please Wait.
2016-05-30 17:26:41,534 - root - INFO - Socket Information: ('10.224.0.39', 5555)
2016-05-30 17:26:41,537 - root - INFO - Preparing GnuPG...
2016-05-30 17:26:50,655 - root - INFO - Neighboring Message is being prepared...
2016-05-30 17:26:50,661 - root - INFO - Message Sending Protocol Initialized...
2016-05-30 17:26:58,868 - root - INFO - Unpacking Message Array...
2016-05-30 17:27:01,728 - root - INFO - Message Sending Protocol Initialized...
2016-05-30 17:27:01,743 - root - INFO - NEIGHBORING ACK Message from EC8AF480 Processsed!. You Can Start Session Initialization Protocol.
2016-05-30 17:27:01,748 - root - WARNING - This UUID Already Exists
2016-05-30 17:27:01,754 - root - INFO - Message Sending Protocol Initialized...
2016-05-30 17:27:01,763 - root - INFO - Session Established with EC8AF480 Waiting For ACK Message...
2016-05-30 17:30:53,744 - root - INFO - Socket Information: ('10.224.0.39', 5555)
2016-05-30 17:30:53,747 - root - INFO - Preparing GnuPG...
2016-05-30 17:31:30,535 - root - INFO - Neighboring Message is being prepared...
2016-05-30 17:32:50,244 - root - INFO - Message Sending Protocol Initialized...
2016-05-30 17:34:24,056 - root - INFO - Unpacking Message Array...
2016-05-30 17:35:22,433 - root - INFO - Socket Information: ('10.224.0.39', 5555)
2016-05-30 17:35:22,436 - root - INFO - Preparing GnuPG...
2016-05-30 17:35:35,586 - root - INFO - Neighboring Message is being prepared...
2016-05-30 17:35:35,589 - root - INFO - Message Sending Protocol Initialized...
2016-05-30 17:35:43,616 - root - INFO - Unpacking Message Array...
2016-05-30 17:36:36,390 - root - INFO - Socket Information: ('10.224.0.39', 5555)
2016-05-30 17:36:36,392 - root - INFO - Preparing GnuPG...
2016-05-30 17:36:44,609 - root - INFO - Neighboring Message is being prepared...
2016-05-30 17:36:44,613 - root - INFO - Message Sending Protocol Initialized...
2016-05-30 17:37:30,094 - root - ERROR - ['Traceback (most recent call last):\n', '  File "/media/raziel/Raziel-HDD/Work/NetworkProtocolDesign/Nesli/ITC8061/ChatApp/Utils.py", line 627, in recv_flag\n    data,addr = the_socket.recvfrom(buf)\n', 'BlockingIOError: [Errno 11] Resource temporarily unavailable\n', '\nDuring handling of the above exception, another exception occurred:\n\n', 'Traceback (most recent call last):\n', '  File "/media/raziel/Raziel-HDD/Work/NetworkProtocolDesign/Nesli/ITC8061/ChatApp/Utils.py", line 627, in recv_flag\n    data,addr = the_socket.recvfrom(buf)\n', 'KeyboardInterrupt\n']
2016-05-30 17:38:22,914 - root - INFO - Socket Information: ('10.224.0.39', 5555)
2016-05-30 17:38:22,916 - root - INFO - Preparing GnuPG...
2016-05-30 17:38:43,829 - root - INFO - Neighboring Message is being prepared...
2016-05-30 17:38:43,832 - root - INFO - Message Sending Protocol Initialized...
2016-05-30 17:38:51,853 - root - INFO - Unpacking Message Array...
2016-05-30 17:38:54,872 - root - INFO - Message Sending Protocol Initialized...
2016-05-30 17:38:54,891 - root - INFO - NEIGHBORING ACK Message from CB59737D Processsed!. You Can Start Session Initialization Protocol.
2016-05-30 17:38:54,895 - root - WARNING - This UUID Already Exists
2016-05-30 17:38:54,901 - root - INFO - Message Sending Protocol Initialized...
2016-05-30 17:38:54,909 - root - INFO - Session Established with CB59737D Waiting For ACK Message...
2016-05-30 17:39:05,559 - root - INFO - Unpacking Message Array...
2016-05-30 17:39:05,561 - root - INFO - NEIGHBORING ACK Message from CB59737D Processsed!. You Can Start Session Initialization Protocol.
2016-05-30 17:39:29,565 - root - INFO - SessionKey Entry cannot be Found...Initialising AUTH Protocol...
2016-05-30 17:39:29,566 - root - INFO - Setting Passphrase.. This Procedure is one time only...
2016-05-30 17:39:32,589 - root - INFO - PassPhrase is set!
2016-05-30 17:39:44,587 - root - INFO - Auth Payload is being prepared...
2016-05-30 17:39:50,300 - root - INFO - PGP Challenge Encryption Process started...
2016-05-30 17:39:50,386 - root - INFO - Message Sending Protocol Initialized...
2016-05-30 17:39:50,432 - root - INFO - Auth Message Sent to: CB59737D
2016-05-30 17:39:50,433 - root - INFO - AUTH Sent to: CB59737D
2016-05-30 17:39:50,434 - root - INFO - AUTH Protocol is taking place for : Nesli
2016-05-30 17:39:54,435 - root - INFO - AUTH Message sent. Waiting for ACK. Please Wait.
2016-05-30 17:39:58,436 - root - INFO - AUTH Message sent. Waiting for ACK. Please Wait.
2016-05-30 17:40:06,224 - root - INFO - Unpacking Message Array...
2016-05-30 17:40:06,226 - root - INFO - NEIGHBORING ACK Message from CB59737D Processsed!. You Can Start Session Initialization Protocol.
2016-05-30 17:42:46,902 - root - INFO - Message Sending Protocol Initialized...
2016-05-30 17:45:29,027 - root - ERROR - ['Traceback (most recent call last):\n', '  File "/media/raziel/Raziel-HDD/Work/NetworkProtocolDesign/Nesli/ITC8061/ChatApp/Utils.py", line 627, in recv_flag\n    data,addr = the_socket.recvfrom(buf)\n', 'BlockingIOError: [Errno 11] Resource temporarily unavailable\n', '\nDuring handling of the above exception, another exception occurred:\n\n', 'Traceback (most recent call last):\n', '  File "/media/raziel/Raziel-HDD/Work/NetworkProtocolDesign/Nesli/ITC8061/ChatApp/Utils.py", line 627, in recv_flag\n    data,addr = the_socket.recvfrom(buf)\n', 'KeyboardInterrupt\n']
2016-05-30 17:45:46,069 - root - INFO - Socket Information: ('10.224.0.39', 5555)
2016-05-30 17:45:46,074 - root - INFO - Preparing GnuPG...
2016-05-30 17:46:11,144 - root - INFO - Unpacking Message Array...
2016-05-30 17:46:11,146 - root - INFO - Message Sending Protocol Initialized...
2016-05-30 17:46:11,148 - root - INFO - Neighboring Message is being prepared...
2016-05-30 17:46:11,149 - root - INFO - Message Sending Protocol Initialized...
2016-05-30 17:46:11,152 - root - INFO - Success Message Sent
2016-05-30 17:46:22,870 - root - INFO - Unpacking Message Array...
2016-05-30 17:46:26,161 - root - INFO - Message Sending Protocol Initialized...
2016-05-30 17:46:26,169 - root - INFO - SESSION ACK Message from CB59737D Processsed!.
2016-05-30 17:46:26,172 - root - INFO - You can start Conversation with: CB59737D
2016-05-30 17:47:00,198 - root - INFO - Unpacking Message Array...
2016-05-30 17:47:00,200 - root - INFO - Setting Passphrase.. This Procedure is one time only...
2016-05-30 17:47:05,459 - root - INFO - PassPhrase is set!
2016-05-30 17:47:05,462 - root - INFO - Message Concatenation Process Started...
2016-05-30 17:47:11,145 - root - INFO - Message Sending Protocol Initialized...
2016-05-30 17:47:11,148 - root - INFO - Waiting Token Changed to 0
2016-05-30 17:47:43,196 - root - INFO - Unpacking Message Array...
2016-05-30 17:47:43,197 - root - INFO - Message Concatenation Process Started...
2016-05-30 17:50:29,730 - root - INFO - Decrypting Message From : CB59737D
2016-05-30 17:50:29,740 - root - ERROR - ['Traceback (most recent call last):\n', '  File "/media/raziel/Raziel-HDD/Work/NetworkProtocolDesign/Nesli/ITC8061/ChatApp/Utils.py", line 168, in AESDecMSg\n    decipher = AES.new(Aeskey, AES.MODE_CBC, iv)\n', '  File "/usr/local/lib/python3.5/dist-packages/Crypto/Cipher/AES.py", line 260, in new\n    return _create_cipher(sys.modules[__name__], key, mode, *args, **kwargs)\n', '  File "/usr/local/lib/python3.5/dist-packages/Crypto/Cipher/__init__.py", line 130, in _create_cipher\n    return modes[mode](factory, **kwargs)\n', '  File "/usr/local/lib/python3.5/dist-packages/Crypto/Cipher/_mode_cbc.py", line 247, in _create_cbc_cipher\n    return CbcMode(cipher_state, iv)\n', '  File "/usr/local/lib/python3.5/dist-packages/Crypto/Cipher/_mode_cbc.py", line 101, in __init__\n    % result)\n', 'ValueError: Error 65537 while instatiating the CBC mode\n']
2016-05-30 17:50:29,743 - root - ERROR - 
Variables CB59737D,b'selam'
2016-05-30 17:50:29,747 - root - ERROR - ['Traceback (most recent call last):\n', '  File "/media/raziel/Raziel-HDD/Work/NetworkProtocolDesign/Nesli/ITC8061/ChatApp/Utils.py", line 593, in ConcatMessages\n    Final_Text = Final_Text + str(AESDecMSg(message.source,message.payload), \'utf-8\')\n', '  File "/media/raziel/Raziel-HDD/Work/NetworkProtocolDesign/Nesli/ITC8061/ChatApp/Utils.py", line 168, in AESDecMSg\n    decipher = AES.new(Aeskey, AES.MODE_CBC, iv)\n', '  File "/usr/local/lib/python3.5/dist-packages/Crypto/Cipher/AES.py", line 260, in new\n    return _create_cipher(sys.modules[__name__], key, mode, *args, **kwargs)\n', '  File "/usr/local/lib/python3.5/dist-packages/Crypto/Cipher/__init__.py", line 130, in _create_cipher\n    return modes[mode](factory, **kwargs)\n', '  File "/usr/local/lib/python3.5/dist-packages/Crypto/Cipher/_mode_cbc.py", line 247, in _create_cbc_cipher\n    return CbcMode(cipher_state, iv)\n', '  File "/usr/local/lib/python3.5/dist-packages/Crypto/Cipher/_mode_cbc.py", line 101, in __init__\n    % result)\n', 'ValueError: Error 65537 while instatiating the CBC mode\n']
2016-05-30 17:50:31,992 - root - INFO - Message Sending Protocol Initialized...
2016-05-30 17:52:26,607 - root - INFO - Message Sending Protocol Initialized...
2016-05-30 17:53:06,966 - root - ERROR - ['Traceback (most recent call last):\n', '  File "/media/raziel/Raziel-HDD/Work/NetworkProtocolDesign/Nesli/ITC8061/ChatApp/Utils.py", line 335, in PrepareMessage\n    if type == MessageTypes.Data.value and ( Message.flag == 4 or Message.flag == 5 or Message.flag == 8 or Message.flag == 9):\n', '  File "/media/raziel/Raziel-HDD/Work/NetworkProtocolDesign/Nesli/ITC8061/ChatApp/Utils.py", line 335, in PrepareMessage\n    if type == MessageTypes.Data.value and ( Message.flag == 4 or Message.flag == 5 or Message.flag == 8 or Message.flag == 9):\n', '  File "/home/raziel/Downloads/pycharm-community-2016.1.4/helpers/pydev/_pydevd_bundle/pydevd_frame.py", line 492, in trace_dispatch\n    self.do_wait_suspend(thread, frame, event, arg)\n', '  File "/home/raziel/Downloads/pycharm-community-2016.1.4/helpers/pydev/_pydevd_bundle/pydevd_frame.py", line 69, in do_wait_suspend\n    self._args[0].do_wait_suspend(*args, **kwargs)\n', '  File "/home/raziel/Downloads/pycharm-community-2016.1.4/helpers/pydev/pydevd.py", line 712, in do_wait_suspend\n    time.sleep(0.01)\n', 'KeyboardInterrupt\n']
2016-05-30 17:53:06,967 - root - ERROR - ['Traceback (most recent call last):\n', '  File "/media/raziel/Raziel-HDD/Work/NetworkProtocolDesign/Nesli/ITC8061/ChatApp/Utils.py", line 558, in ChunkMessages\n    header_flag.int, chunks, header.hop_count)\n', '  File "/media/raziel/Raziel-HDD/Work/NetworkProtocolDesign/Nesli/ITC8061/ChatApp/Utils.py", line 335, in PrepareMessage\n    if type == MessageTypes.Data.value and ( Message.flag == 4 or Message.flag == 5 or Message.flag == 8 or Message.flag == 9):\n', '  File "/media/raziel/Raziel-HDD/Work/NetworkProtocolDesign/Nesli/ITC8061/ChatApp/Utils.py", line 335, in PrepareMessage\n    if type == MessageTypes.Data.value and ( Message.flag == 4 or Message.flag == 5 or Message.flag == 8 or Message.flag == 9):\n', '  File "/home/raziel/Downloads/pycharm-community-2016.1.4/helpers/pydev/_pydevd_bundle/pydevd_frame.py", line 492, in trace_dispatch\n    self.do_wait_suspend(thread, frame, event, arg)\n', '  File "/home/raziel/Downloads/pycharm-community-2016.1.4/helpers/pydev/_pydevd_bundle/pydevd_frame.py", line 69, in do_wait_suspend\n    self._args[0].do_wait_suspend(*args, **kwargs)\n', '  File "/home/raziel/Downloads/pycharm-community-2016.1.4/helpers/pydev/pydevd.py", line 712, in do_wait_suspend\n    time.sleep(0.01)\n', 'KeyboardInterrupt\n']
2016-05-30 17:55:48,999 - root - INFO - Socket Information: ('10.224.0.39', 5555)
2016-05-30 17:55:49,003 - root - INFO - Preparing GnuPG...
2016-05-30 17:55:56,432 - root - INFO - Neighboring Message is being prepared...
2016-05-30 17:55:56,437 - root - INFO - Message Sending Protocol Initialized...
2016-05-30 17:56:08,296 - root - INFO - Unpacking Message Array...
2016-05-30 17:56:13,382 - root - INFO - Message Sending Protocol Initialized...
2016-05-30 17:56:13,396 - root - INFO - SESSION ACK Message from CB59737D Processsed!.
2016-05-30 17:56:13,400 - root - INFO - You can start Session Initialization Process with: CB59737D
2016-05-30 17:56:13,405 - root - WARNING - This UUID Already Exists
2016-05-30 17:56:13,412 - root - INFO - Message Sending Protocol Initialized...
2016-05-30 17:56:13,422 - root - INFO - Session Established with CB59737D Waiting For ACK Message...
2016-05-30 17:56:25,330 - root - INFO - Unpacking Message Array...
2016-05-30 17:56:25,331 - root - INFO - SESSION ACK Message from CB59737D Processsed!.
2016-05-30 17:56:25,332 - root - INFO - You can start Session Initialization Process with: CB59737D
2016-05-30 17:56:45,263 - root - INFO - SessionKey Entry cannot be Found...Initialising AUTH Protocol...
2016-05-30 17:56:45,267 - root - INFO - Setting Passphrase.. This Procedure is one time only...
2016-05-30 17:56:48,909 - root - INFO - PassPhrase is set!
2016-05-30 17:56:48,918 - root - INFO - Auth Payload is being prepared...
2016-05-30 17:56:48,922 - root - INFO - PGP Challenge Encryption Process started...
2016-05-30 17:56:49,051 - root - INFO - Message Sending Protocol Initialized...
2016-05-30 17:56:49,071 - root - INFO - Auth Message Sent to: CB59737D
2016-05-30 17:56:49,072 - root - INFO - AUTH Sent to: CB59737D
2016-05-30 17:56:49,073 - root - INFO - AUTH Protocol is taking place for : Nesli
2016-05-30 17:56:53,074 - root - INFO - AUTH Message sent. Waiting for ACK. Please Wait.
2016-05-30 17:56:57,076 - root - INFO - AUTH Message sent. Waiting for ACK. Please Wait.
2016-05-30 17:57:01,541 - root - INFO - Unpacking Message Array...
2016-05-30 17:57:01,543 - root - INFO - SESSION ACK Message from CB59737D Processsed!.
2016-05-30 17:57:01,544 - root - INFO - You can start Conversation with: CB59737D
2016-05-30 17:57:19,418 - root - INFO - Message Sending Protocol Initialized...
2016-05-30 17:57:25,071 - root - INFO - Encrypting Message For : CB59737D
2016-05-30 17:58:17,133 - root - ERROR - ['Traceback (most recent call last):\n', '  File "/media/raziel/Raziel-HDD/Work/NetworkProtocolDesign/Nesli/ITC8061/ChatApp/Utils.py", line 145, in AESEncMSg\n    AESkey,iv = Prepare_EncryptionVariables(receiver_UUID)\n', '  File "/media/raziel/Raziel-HDD/Work/NetworkProtocolDesign/Nesli/ITC8061/ChatApp/Utils.py", line 124, in Prepare_EncryptionVariables\n    logging.Info("Preparing Encryption Variables for :" + receiver_UUID)\n', "AttributeError: module 'logging' has no attribute 'Info'\n"]
2016-05-30 17:58:17,135 - root - ERROR - Variables deneme deneme,CB59737D
2016-05-30 17:58:17,138 - root - ERROR - ['Traceback (most recent call last):\n', '  File "/media/raziel/Raziel-HDD/Work/NetworkProtocolDesign/Nesli/ITC8061/ChatApp/Utils.py", line 336, in PrepareMessage\n    payload = AESEncMSg(payload, Message.destination)\n', '  File "/media/raziel/Raziel-HDD/Work/NetworkProtocolDesign/Nesli/ITC8061/ChatApp/Utils.py", line 145, in AESEncMSg\n    AESkey,iv = Prepare_EncryptionVariables(receiver_UUID)\n', '  File "/media/raziel/Raziel-HDD/Work/NetworkProtocolDesign/Nesli/ITC8061/ChatApp/Utils.py", line 124, in Prepare_EncryptionVariables\n    logging.Info("Preparing Encryption Variables for :" + receiver_UUID)\n', "AttributeError: module 'logging' has no attribute 'Info'\n"]
2016-05-30 17:58:17,141 - root - ERROR - ['Traceback (most recent call last):\n', '  File "/media/raziel/Raziel-HDD/Work/NetworkProtocolDesign/Nesli/ITC8061/ChatApp/Utils.py", line 558, in ChunkMessages\n    header_flag.int, chunks, header.hop_count)\n', '  File "/media/raziel/Raziel-HDD/Work/NetworkProtocolDesign/Nesli/ITC8061/ChatApp/Utils.py", line 336, in PrepareMessage\n    payload = AESEncMSg(payload, Message.destination)\n', '  File "/media/raziel/Raziel-HDD/Work/NetworkProtocolDesign/Nesli/ITC8061/ChatApp/Utils.py", line 145, in AESEncMSg\n    AESkey,iv = Prepare_EncryptionVariables(receiver_UUID)\n', '  File "/media/raziel/Raziel-HDD/Work/NetworkProtocolDesign/Nesli/ITC8061/ChatApp/Utils.py", line 124, in Prepare_EncryptionVariables\n    logging.Info("Preparing Encryption Variables for :" + receiver_UUID)\n', "AttributeError: module 'logging' has no attribute 'Info'\n"]
2016-05-30 17:58:39,600 - root - INFO - Message Sending Protocol Initialized...
2016-05-30 17:58:45,746 - root - INFO - Encrypting Message For : CB59737D
2016-05-30 17:59:22,742 - root - ERROR - ['Traceback (most recent call last):\n', '  File "/media/raziel/Raziel-HDD/Work/NetworkProtocolDesign/Nesli/ITC8061/ChatApp/Utils.py", line 145, in AESEncMSg\n    AESkey,iv = Prepare_EncryptionVariables(receiver_UUID)\n', '  File "/media/raziel/Raziel-HDD/Work/NetworkProtocolDesign/Nesli/ITC8061/ChatApp/Utils.py", line 124, in Prepare_EncryptionVariables\n    logging.Info("Preparing Encryption Variables for :" + receiver_UUID)\n', "AttributeError: module 'logging' has no attribute 'Info'\n", '\nDuring handling of the above exception, another exception occurred:\n\n', 'Traceback (most recent call last):\n', '  File "/media/raziel/Raziel-HDD/Work/NetworkProtocolDesign/Nesli/ITC8061/ChatApp/Utils.py", line 336, in PrepareMessage\n    payload = AESEncMSg(payload, Message.destination)\n', '  File "/media/raziel/Raziel-HDD/Work/NetworkProtocolDesign/Nesli/ITC8061/ChatApp/Utils.py", line 153, in AESEncMSg\n    logging.error(repr(traceback.format_exception(exc_type, exc_value,\n', '  File "/media/raziel/Raziel-HDD/Work/NetworkProtocolDesign/Nesli/ITC8061/ChatApp/Utils.py", line 153, in AESEncMSg\n    logging.error(repr(traceback.format_exception(exc_type, exc_value,\n', '  File "/home/raziel/Downloads/pycharm-community-2016.1.4/helpers/pydev/_pydevd_bundle/pydevd_frame.py", line 602, in trace_dispatch\n    self.do_wait_suspend(thread, frame, event, arg)\n', '  File "/home/raziel/Downloads/pycharm-community-2016.1.4/helpers/pydev/_pydevd_bundle/pydevd_frame.py", line 69, in do_wait_suspend\n    self._args[0].do_wait_suspend(*args, **kwargs)\n', '  File "/home/raziel/Downloads/pycharm-community-2016.1.4/helpers/pydev/pydevd.py", line 712, in do_wait_suspend\n    time.sleep(0.01)\n', 'KeyboardInterrupt\n']
2016-05-30 17:59:22,744 - root - ERROR - ['Traceback (most recent call last):\n', '  File "/media/raziel/Raziel-HDD/Work/NetworkProtocolDesign/Nesli/ITC8061/ChatApp/Utils.py", line 145, in AESEncMSg\n    AESkey,iv = Prepare_EncryptionVariables(receiver_UUID)\n', '  File "/media/raziel/Raziel-HDD/Work/NetworkProtocolDesign/Nesli/ITC8061/ChatApp/Utils.py", line 124, in Prepare_EncryptionVariables\n    logging.Info("Preparing Encryption Variables for :" + receiver_UUID)\n', "AttributeError: module 'logging' has no attribute 'Info'\n", '\nDuring handling of the above exception, another exception occurred:\n\n', 'Traceback (most recent call last):\n', '  File "/media/raziel/Raziel-HDD/Work/NetworkProtocolDesign/Nesli/ITC8061/ChatApp/Utils.py", line 558, in ChunkMessages\n    header_flag.int, chunks, header.hop_count)\n', '  File "/media/raziel/Raziel-HDD/Work/NetworkProtocolDesign/Nesli/ITC8061/ChatApp/Utils.py", line 336, in PrepareMessage\n    payload = AESEncMSg(payload, Message.destination)\n', '  File "/media/raziel/Raziel-HDD/Work/NetworkProtocolDesign/Nesli/ITC8061/ChatApp/Utils.py", line 153, in AESEncMSg\n    logging.error(repr(traceback.format_exception(exc_type, exc_value,\n', '  File "/media/raziel/Raziel-HDD/Work/NetworkProtocolDesign/Nesli/ITC8061/ChatApp/Utils.py", line 153, in AESEncMSg\n    logging.error(repr(traceback.format_exception(exc_type, exc_value,\n', '  File "/home/raziel/Downloads/pycharm-community-2016.1.4/helpers/pydev/_pydevd_bundle/pydevd_frame.py", line 602, in trace_dispatch\n    self.do_wait_suspend(thread, frame, event, arg)\n', '  File "/home/raziel/Downloads/pycharm-community-2016.1.4/helpers/pydev/_pydevd_bundle/pydevd_frame.py", line 69, in do_wait_suspend\n    self._args[0].do_wait_suspend(*args, **kwargs)\n', '  File "/home/raziel/Downloads/pycharm-community-2016.1.4/helpers/pydev/pydevd.py", line 712, in do_wait_suspend\n    time.sleep(0.01)\n', 'KeyboardInterrupt\n']
2016-05-30 18:01:26,479 - root - INFO - Socket Information: ('10.224.0.39', 5555)
2016-05-30 18:01:26,483 - root - INFO - Preparing GnuPG...
2016-05-30 18:01:40,388 - root - INFO - Neighboring Message is being prepared...
2016-05-30 18:01:40,391 - root - INFO - Message Sending Protocol Initialized...
2016-05-30 18:01:51,683 - root - INFO - Unpacking Message Array...
2016-05-30 18:01:55,178 - root - INFO - Message Sending Protocol Initialized...
2016-05-30 18:01:55,189 - root - INFO - SESSION ACK Message from CB59737D Processsed!.
2016-05-30 18:01:55,192 - root - INFO - You can start Session Initialization Process with: CB59737D
2016-05-30 18:01:55,194 - root - WARNING - This UUID Already Exists
2016-05-30 18:01:55,198 - root - INFO - Message Sending Protocol Initialized...
2016-05-30 18:01:55,204 - root - INFO - Session Established with CB59737D Waiting For ACK Message...
2016-05-30 18:02:05,365 - root - INFO - Unpacking Message Array...
2016-05-30 18:02:05,369 - root - INFO - SESSION ACK Message from CB59737D Processsed!.
2016-05-30 18:02:05,371 - root - INFO - You can start Session Initialization Process with: CB59737D
2016-05-30 18:02:13,374 - root - INFO - SessionKey Entry cannot be Found...Initialising AUTH Protocol...
2016-05-30 18:02:13,375 - root - INFO - Setting Passphrase.. This Procedure is one time only...
2016-05-30 18:02:16,117 - root - INFO - PassPhrase is set!
2016-05-30 18:02:16,128 - root - INFO - Auth Payload is being prepared...
2016-05-30 18:02:16,132 - root - INFO - PGP Challenge Encryption Process started...
2016-05-30 18:02:16,285 - root - INFO - Message Sending Protocol Initialized...
2016-05-30 18:02:16,340 - root - INFO - Auth Message Sent to: CB59737D
2016-05-30 18:02:16,342 - root - INFO - AUTH Sent to: CB59737D
2016-05-30 18:02:16,344 - root - INFO - AUTH Protocol is taking place for : Nesli
2016-05-30 18:02:20,345 - root - INFO - AUTH Message sent. Waiting for ACK. Please Wait.
2016-05-30 18:02:27,791 - root - INFO - Unpacking Message Array...
2016-05-30 18:02:27,792 - root - INFO - SESSION ACK Message from CB59737D Processsed!.
2016-05-30 18:02:27,793 - root - INFO - You can start Conversation with: CB59737D
2016-05-30 18:02:39,797 - root - INFO - Message Sending Protocol Initialized...
2016-05-30 18:02:43,231 - root - INFO - Encrypting Message For : CB59737D
2016-05-30 18:02:45,645 - root - INFO - Preparing Encryption Variables for :CB59737D
2016-05-30 18:02:57,353 - root - ERROR - ['Traceback (most recent call last):\n', '  File "/media/raziel/Raziel-HDD/Work/NetworkProtocolDesign/Nesli/ITC8061/ChatApp/Utils.py", line 97, in padStr\n    logging.debug("Padding string : " + str)\n', "TypeError: Can't convert 'bytes' object to str implicitly\n"]
2016-05-30 18:04:12,305 - root - ERROR - ['Traceback (most recent call last):\n', '  File "/media/raziel/Raziel-HDD/Work/NetworkProtocolDesign/Nesli/ITC8061/ChatApp/Utils.py", line 97, in padStr\n    logging.debug("Padding string : " + str)\n', "TypeError: Can't convert 'bytes' object to str implicitly\n", '\nDuring handling of the above exception, another exception occurred:\n\n', 'Traceback (most recent call last):\n', '  File "/media/raziel/Raziel-HDD/Work/NetworkProtocolDesign/Nesli/ITC8061/ChatApp/Utils.py", line 146, in AESEncMSg\n    padMsg = padStr(bytes(plainMsg, \'utf-8\'))\n', '  File "/media/raziel/Raziel-HDD/Work/NetworkProtocolDesign/Nesli/ITC8061/ChatApp/Utils.py", line 105, in padStr\n    logging.error("Variables : " + str)\n', "TypeError: Can't convert 'bytes' object to str implicitly\n"]
2016-05-30 18:04:12,308 - root - ERROR - Variables deneme deneme,CB59737D
2016-05-30 18:04:12,314 - root - ERROR - ['Traceback (most recent call last):\n', '  File "/media/raziel/Raziel-HDD/Work/NetworkProtocolDesign/Nesli/ITC8061/ChatApp/Utils.py", line 97, in padStr\n    logging.debug("Padding string : " + str)\n', "TypeError: Can't convert 'bytes' object to str implicitly\n", '\nDuring handling of the above exception, another exception occurred:\n\n', 'Traceback (most recent call last):\n', '  File "/media/raziel/Raziel-HDD/Work/NetworkProtocolDesign/Nesli/ITC8061/ChatApp/Utils.py", line 336, in PrepareMessage\n    payload = AESEncMSg(payload, Message.destination)\n', '  File "/media/raziel/Raziel-HDD/Work/NetworkProtocolDesign/Nesli/ITC8061/ChatApp/Utils.py", line 146, in AESEncMSg\n    padMsg = padStr(bytes(plainMsg, \'utf-8\'))\n', '  File "/media/raziel/Raziel-HDD/Work/NetworkProtocolDesign/Nesli/ITC8061/ChatApp/Utils.py", line 105, in padStr\n    logging.error("Variables : " + str)\n', "TypeError: Can't convert 'bytes' object to str implicitly\n"]
2016-05-30 18:04:12,319 - root - ERROR - ['Traceback (most recent call last):\n', '  File "/media/raziel/Raziel-HDD/Work/NetworkProtocolDesign/Nesli/ITC8061/ChatApp/Utils.py", line 97, in padStr\n    logging.debug("Padding string : " + str)\n', "TypeError: Can't convert 'bytes' object to str implicitly\n", '\nDuring handling of the above exception, another exception occurred:\n\n', 'Traceback (most recent call last):\n', '  File "/media/raziel/Raziel-HDD/Work/NetworkProtocolDesign/Nesli/ITC8061/ChatApp/Utils.py", line 558, in ChunkMessages\n    header_flag.int, chunks, header.hop_count)\n', '  File "/media/raziel/Raziel-HDD/Work/NetworkProtocolDesign/Nesli/ITC8061/ChatApp/Utils.py", line 336, in PrepareMessage\n    payload = AESEncMSg(payload, Message.destination)\n', '  File "/media/raziel/Raziel-HDD/Work/NetworkProtocolDesign/Nesli/ITC8061/ChatApp/Utils.py", line 146, in AESEncMSg\n    padMsg = padStr(bytes(plainMsg, \'utf-8\'))\n', '  File "/media/raziel/Raziel-HDD/Work/NetworkProtocolDesign/Nesli/ITC8061/ChatApp/Utils.py", line 105, in padStr\n    logging.error("Variables : " + str)\n', "TypeError: Can't convert 'bytes' object to str implicitly\n"]
2016-05-30 18:04:20,326 - root - INFO - Message Sending Protocol Initialized...
2016-05-30 18:04:22,714 - root - INFO - Encrypting Message For : CB59737D
2016-05-30 18:04:25,232 - root - INFO - Preparing Encryption Variables for :CB59737D
2016-05-30 18:08:26,166 - root - ERROR - ['Traceback (most recent call last):\n', '  File "/media/raziel/Raziel-HDD/Work/NetworkProtocolDesign/Nesli/ITC8061/ChatApp/Utils.py", line 97, in padStr\n    logging.debug("Padding string : " + str)\n', '  File "/media/raziel/Raziel-HDD/Work/NetworkProtocolDesign/Nesli/ITC8061/ChatApp/Utils.py", line 97, in padStr\n    logging.debug("Padding string : " + str)\n', '  File "/home/raziel/Downloads/pycharm-community-2016.1.4/helpers/pydev/_pydevd_bundle/pydevd_frame.py", line 492, in trace_dispatch\n    self.do_wait_suspend(thread, frame, event, arg)\n', '  File "/home/raziel/Downloads/pycharm-community-2016.1.4/helpers/pydev/_pydevd_bundle/pydevd_frame.py", line 69, in do_wait_suspend\n    self._args[0].do_wait_suspend(*args, **kwargs)\n', '  File "/home/raziel/Downloads/pycharm-community-2016.1.4/helpers/pydev/pydevd.py", line 712, in do_wait_suspend\n    time.sleep(0.01)\n', 'KeyboardInterrupt\n']
2016-05-30 18:08:26,168 - root - ERROR - ['Traceback (most recent call last):\n', '  File "/media/raziel/Raziel-HDD/Work/NetworkProtocolDesign/Nesli/ITC8061/ChatApp/Utils.py", line 97, in padStr\n    logging.debug("Padding string : " + str)\n', '  File "/media/raziel/Raziel-HDD/Work/NetworkProtocolDesign/Nesli/ITC8061/ChatApp/Utils.py", line 97, in padStr\n    logging.debug("Padding string : " + str)\n', '  File "/home/raziel/Downloads/pycharm-community-2016.1.4/helpers/pydev/_pydevd_bundle/pydevd_frame.py", line 492, in trace_dispatch\n    self.do_wait_suspend(thread, frame, event, arg)\n', '  File "/home/raziel/Downloads/pycharm-community-2016.1.4/helpers/pydev/_pydevd_bundle/pydevd_frame.py", line 69, in do_wait_suspend\n    self._args[0].do_wait_suspend(*args, **kwargs)\n', '  File "/home/raziel/Downloads/pycharm-community-2016.1.4/helpers/pydev/pydevd.py", line 712, in do_wait_suspend\n    time.sleep(0.01)\n', 'KeyboardInterrupt\n', '\nDuring handling of the above exception, another exception occurred:\n\n', 'Traceback (most recent call last):\n', '  File "/media/raziel/Raziel-HDD/Work/NetworkProtocolDesign/Nesli/ITC8061/ChatApp/Utils.py", line 146, in AESEncMSg\n    padMsg = padStr(bytes(plainMsg, \'utf-8\'))\n', '  File "/media/raziel/Raziel-HDD/Work/NetworkProtocolDesign/Nesli/ITC8061/ChatApp/Utils.py", line 105, in padStr\n    logging.error("Variables : " + str)\n', "TypeError: Can't convert 'bytes' object to str implicitly\n"]
2016-05-30 18:08:26,170 - root - ERROR - Variables deneme deneme,CB59737D
2016-05-30 18:08:26,171 - root - ERROR - ['Traceback (most recent call last):\n', '  File "/media/raziel/Raziel-HDD/Work/NetworkProtocolDesign/Nesli/ITC8061/ChatApp/Utils.py", line 97, in padStr\n    logging.debug("Padding string : " + str)\n', '  File "/media/raziel/Raziel-HDD/Work/NetworkProtocolDesign/Nesli/ITC8061/ChatApp/Utils.py", line 97, in padStr\n    logging.debug("Padding string : " + str)\n', '  File "/home/raziel/Downloads/pycharm-community-2016.1.4/helpers/pydev/_pydevd_bundle/pydevd_frame.py", line 492, in trace_dispatch\n    self.do_wait_suspend(thread, frame, event, arg)\n', '  File "/home/raziel/Downloads/pycharm-community-2016.1.4/helpers/pydev/_pydevd_bundle/pydevd_frame.py", line 69, in do_wait_suspend\n    self._args[0].do_wait_suspend(*args, **kwargs)\n', '  File "/home/raziel/Downloads/pycharm-community-2016.1.4/helpers/pydev/pydevd.py", line 712, in do_wait_suspend\n    time.sleep(0.01)\n', 'KeyboardInterrupt\n', '\nDuring handling of the above exception, another exception occurred:\n\n', 'Traceback (most recent call last):\n', '  File "/media/raziel/Raziel-HDD/Work/NetworkProtocolDesign/Nesli/ITC8061/ChatApp/Utils.py", line 336, in PrepareMessage\n    payload = AESEncMSg(payload, Message.destination)\n', '  File "/media/raziel/Raziel-HDD/Work/NetworkProtocolDesign/Nesli/ITC8061/ChatApp/Utils.py", line 146, in AESEncMSg\n    padMsg = padStr(bytes(plainMsg, \'utf-8\'))\n', '  File "/media/raziel/Raziel-HDD/Work/NetworkProtocolDesign/Nesli/ITC8061/ChatApp/Utils.py", line 105, in padStr\n    logging.error("Variables : " + str)\n', "TypeError: Can't convert 'bytes' object to str implicitly\n"]
2016-05-30 18:08:26,174 - root - ERROR - ['Traceback (most recent call last):\n', '  File "/media/raziel/Raziel-HDD/Work/NetworkProtocolDesign/Nesli/ITC8061/ChatApp/Utils.py", line 97, in padStr\n    logging.debug("Padding string : " + str)\n', '  File "/media/raziel/Raziel-HDD/Work/NetworkProtocolDesign/Nesli/ITC8061/ChatApp/Utils.py", line 97, in padStr\n    logging.debug("Padding string : " + str)\n', '  File "/home/raziel/Downloads/pycharm-community-2016.1.4/helpers/pydev/_pydevd_bundle/pydevd_frame.py", line 492, in trace_dispatch\n    self.do_wait_suspend(thread, frame, event, arg)\n', '  File "/home/raziel/Downloads/pycharm-community-2016.1.4/helpers/pydev/_pydevd_bundle/pydevd_frame.py", line 69, in do_wait_suspend\n    self._args[0].do_wait_suspend(*args, **kwargs)\n', '  File "/home/raziel/Downloads/pycharm-community-2016.1.4/helpers/pydev/pydevd.py", line 712, in do_wait_suspend\n    time.sleep(0.01)\n', 'KeyboardInterrupt\n', '\nDuring handling of the above exception, another exception occurred:\n\n', 'Traceback (most recent call last):\n', '  File "/media/raziel/Raziel-HDD/Work/NetworkProtocolDesign/Nesli/ITC8061/ChatApp/Utils.py", line 558, in ChunkMessages\n    header_flag.int, chunks, header.hop_count)\n', '  File "/media/raziel/Raziel-HDD/Work/NetworkProtocolDesign/Nesli/ITC8061/ChatApp/Utils.py", line 336, in PrepareMessage\n    payload = AESEncMSg(payload, Message.destination)\n', '  File "/media/raziel/Raziel-HDD/Work/NetworkProtocolDesign/Nesli/ITC8061/ChatApp/Utils.py", line 146, in AESEncMSg\n    padMsg = padStr(bytes(plainMsg, \'utf-8\'))\n', '  File "/media/raziel/Raziel-HDD/Work/NetworkProtocolDesign/Nesli/ITC8061/ChatApp/Utils.py", line 105, in padStr\n    logging.error("Variables : " + str)\n', "TypeError: Can't convert 'bytes' object to str implicitly\n"]
2016-05-30 18:10:24,343 - root - INFO - Socket Information: ('10.224.0.39', 5555)
2016-05-30 18:10:24,347 - root - INFO - Preparing GnuPG...
2016-05-30 18:10:33,638 - root - INFO - Neighboring Message is being prepared...
2016-05-30 18:10:33,640 - root - INFO - Message Sending Protocol Initialized...
2016-05-30 18:10:41,664 - root - INFO - Unpacking Message Array...
2016-05-30 18:10:44,983 - root - INFO - Message Sending Protocol Initialized...
2016-05-30 18:10:45,002 - root - INFO - SESSION ACK Message from CB59737D Processsed!.
2016-05-30 18:10:45,007 - root - INFO - You can start Session Initialization Process with: CB59737D
2016-05-30 18:10:45,013 - root - WARNING - This UUID Already Exists
2016-05-30 18:10:45,020 - root - INFO - Message Sending Protocol Initialized...
2016-05-30 18:10:45,031 - root - INFO - Session Established with CB59737D Waiting For ACK Message...
2016-05-30 18:10:58,602 - root - INFO - Unpacking Message Array...
2016-05-30 18:10:58,604 - root - INFO - SESSION ACK Message from CB59737D Processsed!.
2016-05-30 18:10:58,605 - root - INFO - You can start Session Initialization Process with: CB59737D
2016-05-30 18:11:06,607 - root - INFO - SessionKey Entry cannot be Found...Initialising AUTH Protocol...
2016-05-30 18:11:06,608 - root - INFO - Setting Passphrase.. This Procedure is one time only...
2016-05-30 18:11:09,406 - root - INFO - PassPhrase is set!
2016-05-30 18:11:09,411 - root - INFO - Auth Payload is being prepared...
2016-05-30 18:11:09,413 - root - INFO - PGP Challenge Encryption Process started...
2016-05-30 18:11:09,526 - root - INFO - Message Sending Protocol Initialized...
2016-05-30 18:11:09,542 - root - INFO - Auth Message Sent to: CB59737D
2016-05-30 18:11:09,543 - root - INFO - AUTH Sent to: CB59737D
2016-05-30 18:11:09,544 - root - INFO - AUTH Protocol is taking place for : Nesli
2016-05-30 18:11:13,545 - root - INFO - AUTH Message sent. Waiting for ACK. Please Wait.
2016-05-30 18:11:17,546 - root - INFO - AUTH Message sent. Waiting for ACK. Please Wait.
2016-05-30 18:11:22,918 - root - INFO - Unpacking Message Array...
2016-05-30 18:11:22,920 - root - INFO - SESSION ACK Message from CB59737D Processsed!.
2016-05-30 18:11:22,921 - root - INFO - You can start Conversation with: CB59737D
2016-05-30 18:11:38,924 - root - INFO - Message Sending Protocol Initialized...
2016-05-30 18:11:38,927 - root - INFO - Encrypting Message For : CB59737D
2016-05-30 18:11:38,927 - root - INFO - Preparing Encryption Variables for :CB59737D
2016-05-30 18:12:09,470 - root - INFO - Unpacking Message Array...
2016-05-30 18:12:09,471 - root - INFO - Message Concatenation Process Started...
2016-05-30 18:12:09,472 - root - INFO - Decrypting Message From : CB59737D
2016-05-30 18:13:46,204 - root - ERROR - ['Traceback (most recent call last):\n', '  File "/media/raziel/Raziel-HDD/Work/NetworkProtocolDesign/Nesli/ITC8061/ChatApp/Utils.py", line 745, in Send_RoutingTable\n    destination = input(\'>>Destination: \')\n', '  File "/media/raziel/Raziel-HDD/Work/NetworkProtocolDesign/Nesli/ITC8061/ChatApp/Utils.py", line 745, in Send_RoutingTable\n    destination = input(\'>>Destination: \')\n', '  File "/home/raziel/Downloads/pycharm-community-2016.1.4/helpers/pydev/_pydevd_bundle/pydevd_frame.py", line 602, in trace_dispatch\n    self.do_wait_suspend(thread, frame, event, arg)\n', '  File "/home/raziel/Downloads/pycharm-community-2016.1.4/helpers/pydev/_pydevd_bundle/pydevd_frame.py", line 69, in do_wait_suspend\n    self._args[0].do_wait_suspend(*args, **kwargs)\n', '  File "/home/raziel/Downloads/pycharm-community-2016.1.4/helpers/pydev/pydevd.py", line 712, in do_wait_suspend\n    time.sleep(0.01)\n', 'KeyboardInterrupt\n']
2016-05-30 18:14:46,398 - root - INFO - Socket Information: ('10.224.0.39', 5555)
2016-05-30 18:14:46,403 - root - INFO - Preparing GnuPG...
2016-05-30 18:15:18,938 - root - INFO - Neighboring Message is being prepared...
2016-05-30 18:15:18,942 - root - INFO - Message Sending Protocol Initialized...
2016-05-30 18:15:26,964 - root - INFO - Unpacking Message Array...
2016-05-30 18:15:40,070 - root - INFO - Message Sending Protocol Initialized...
2016-05-30 18:15:40,087 - root - INFO - SESSION ACK Message from CB59737D Processsed!.
2016-05-30 18:15:40,090 - root - INFO - You can start Session Initialization Process with: CB59737D
2016-05-30 18:15:40,093 - root - WARNING - This UUID Already Exists
2016-05-30 18:15:40,098 - root - INFO - Message Sending Protocol Initialized...
2016-05-30 18:15:40,106 - root - INFO - Session Established with CB59737D Waiting For ACK Message...
2016-05-30 18:15:58,133 - root - INFO - Unpacking Message Array...
2016-05-30 18:15:58,135 - root - INFO - SESSION ACK Message from CB59737D Processsed!.
2016-05-30 18:15:58,137 - root - INFO - You can start Session Initialization Process with: CB59737D
2016-05-30 18:16:10,140 - root - INFO - SessionKey Entry cannot be Found...Initialising AUTH Protocol...
2016-05-30 18:16:10,140 - root - INFO - Setting Passphrase.. This Procedure is one time only...
2016-05-30 18:16:12,974 - root - INFO - PassPhrase is set!
2016-05-30 18:16:12,984 - root - INFO - Auth Payload is being prepared...
2016-05-30 18:16:12,987 - root - INFO - PGP Challenge Encryption Process started...
2016-05-30 18:16:13,115 - root - INFO - Message Sending Protocol Initialized...
2016-05-30 18:16:13,140 - root - INFO - Auth Message Sent to: CB59737D
2016-05-30 18:16:13,141 - root - INFO - AUTH Sent to: CB59737D
2016-05-30 18:16:13,142 - root - INFO - AUTH Protocol is taking place for : Nesli
2016-05-30 18:16:17,143 - root - INFO - AUTH Message sent. Waiting for ACK. Please Wait.
2016-05-30 18:16:21,144 - root - INFO - AUTH Message sent. Waiting for ACK. Please Wait.
2016-05-30 18:16:25,976 - root - INFO - Unpacking Message Array...
2016-05-30 18:16:25,978 - root - INFO - SESSION ACK Message from CB59737D Processsed!.
2016-05-30 18:16:25,979 - root - INFO - You can start Conversation with: CB59737D
2016-05-30 18:16:33,982 - root - INFO - Message Sending Protocol Initialized...
2016-05-30 18:16:33,984 - root - INFO - Encrypting Message For : CB59737D
2016-05-30 18:16:33,985 - root - INFO - Preparing Encryption Variables for :CB59737D
2016-05-30 18:17:22,366 - root - INFO - Message Sending Protocol Initialized...
2016-05-30 18:17:24,676 - root - INFO - Routing Table Sent!
