2016-05-30 15:41:14,468 - root - INFO - Socket Information: ('10.224.0.39', 8888)
2016-05-30 15:41:24,909 - root - ERROR - ['Traceback (most recent call last):\n', '  File "/media/raziel/Raziel-HDD/Work/NetworkProtocolDesign/Nesli/ITC8061/ChatApp/Utils.py", line 626, in recv_flag\n    data,addr = the_socket.recvfrom(buf)\n', 'BlockingIOError: [Errno 11] Resource temporarily unavailable\n', '\nDuring handling of the above exception, another exception occurred:\n\n', 'Traceback (most recent call last):\n', '  File "/media/raziel/Raziel-HDD/Work/NetworkProtocolDesign/Nesli/ITC8061/ChatApp/Utils.py", line 626, in recv_flag\n    data,addr = the_socket.recvfrom(buf)\n', 'KeyboardInterrupt\n']
2016-05-30 15:42:02,441 - root - ERROR - ['Traceback (most recent call last):\n', '  File "/media/raziel/Raziel-HDD/Work/NetworkProtocolDesign/Nesli/ITC8061/ChatApp/Utils.py", line 254, in PrepareSocket\n    UDPSocket.bind(UDPaddr)\n', 'TypeError: string or unicode text buffer expected, not NoneType\n']
2016-05-30 15:42:21,446 - root - INFO - Socket Information: ('10.224.0.39', 8888)
2016-05-30 15:45:51,160 - root - INFO - Socket Information: ('10.224.0.39', 8888)
2016-05-30 15:48:49,827 - root - INFO - Socket Information: ('10.224.0.39', 8888)
2016-05-30 15:56:38,918 - root - INFO - Socket Information: ('10.224.0.39', 8888)
2016-05-30 15:59:24,181 - root - INFO - Message Sending Protocol Initialized...
2016-05-30 16:00:04,421 - root - ERROR - ['Traceback (most recent call last):\n', '  File "/media/raziel/Raziel-HDD/Work/NetworkProtocolDesign/Nesli/ITC8061/ChatApp/Utils.py", line 323, in PrepareMessage\n    logging.debug("Preparing Message for :" + destination)\n', "TypeError: Can't convert 'c_byte_Array_4' object to str implicitly\n"]
2016-05-30 16:00:04,424 - root - ERROR - ['Traceback (most recent call last):\n', '  File "/media/raziel/Raziel-HDD/Work/NetworkProtocolDesign/Nesli/ITC8061/ChatApp/Utils.py", line 548, in ChunkMessages\n    header.hop_count)\n', '  File "/media/raziel/Raziel-HDD/Work/NetworkProtocolDesign/Nesli/ITC8061/ChatApp/Utils.py", line 323, in PrepareMessage\n    logging.debug("Preparing Message for :" + destination)\n', "TypeError: Can't convert 'c_byte_Array_4' object to str implicitly\n"]
2016-05-30 16:00:43,630 - root - ERROR - ['Traceback (most recent call last):\n', '  File "/media/raziel/Raziel-HDD/Work/NetworkProtocolDesign/Nesli/ITC8061/ChatApp/Utils.py", line 528, in Send_Message\n    logging.debug("Sent to: " + addr[0] +"=>" + addr[1])\n', "TypeError: Can't convert 'int' object to str implicitly\n"]
2016-05-30 16:00:44,402 - root - ERROR - Couldn't send messages...
2016-05-30 16:01:10,480 - root - INFO - Message Sending Protocol Initialized...
2016-05-30 16:06:43,289 - root - ERROR - ['Traceback (most recent call last):\n', '  File "/media/raziel/Raziel-HDD/Work/NetworkProtocolDesign/Nesli/ITC8061/ChatApp/Utils.py", line 323, in PrepareMessage\n    logging.debug("Preparing Message for :" + bytearray(destination).hex().upper())\n', "TypeError: Can't convert 'c_byte_Array_4' object to str implicitly\n"]
2016-05-30 16:06:43,293 - root - ERROR - ['Traceback (most recent call last):\n', '  File "/media/raziel/Raziel-HDD/Work/NetworkProtocolDesign/Nesli/ITC8061/ChatApp/Utils.py", line 548, in ChunkMessages\n    header.hop_count)\n', '  File "/media/raziel/Raziel-HDD/Work/NetworkProtocolDesign/Nesli/ITC8061/ChatApp/Utils.py", line 323, in PrepareMessage\n    logging.debug("Preparing Message for :" + bytearray(destination).hex().upper())\n', "TypeError: Can't convert 'c_byte_Array_4' object to str implicitly\n"]
2016-05-30 16:06:43,297 - root - ERROR - ['Traceback (most recent call last):\n', '  File "/media/raziel/Raziel-HDD/Work/NetworkProtocolDesign/Nesli/ITC8061/ChatApp/Utils.py", line 528, in Send_Message\n    logging.debug("Sent to: " + addr[0] +"=>" + addr[1])\n', "TypeError: Can't convert 'int' object to str implicitly\n"]
2016-05-30 16:06:43,299 - root - ERROR - Couldn't send messages...
2016-05-30 16:06:49,616 - root - ERROR - ['Traceback (most recent call last):\n', '  File "/media/raziel/Raziel-HDD/Work/NetworkProtocolDesign/Nesli/ITC8061/ChatApp/Utils.py", line 632, in recv_flag\n    pass\n', 'KeyboardInterrupt\n']
2016-05-30 16:07:00,078 - root - INFO - Socket Information: ('10.224.0.39', 8888)
2016-05-30 16:07:17,661 - root - INFO - Message Sending Protocol Initialized...
2016-05-30 16:08:52,912 - root - ERROR - ['Traceback (most recent call last):\n', '  File "/media/raziel/Raziel-HDD/Work/NetworkProtocolDesign/Nesli/ITC8061/ChatApp/Utils.py", line 563, in ChunkMessages\n    logging.debug("Chunking completed with:" + len(MessageList) + "Packets.")\n', "TypeError: Can't convert 'int' object to str implicitly\n", '\nDuring handling of the above exception, another exception occurred:\n\n', 'Traceback (most recent call last):\n', '  File "/media/raziel/Raziel-HDD/Work/NetworkProtocolDesign/Nesli/ITC8061/ChatApp/Utils.py", line 523, in Send_Message\n    messagetosend = ChunkMessages(payload, header)\n', '  File "/media/raziel/Raziel-HDD/Work/NetworkProtocolDesign/Nesli/ITC8061/ChatApp/Utils.py", line 567, in ChunkMessages\n    logging.error(repr(traceback.format_exception(exc_type, exc_value,\n', '  File "/media/raziel/Raziel-HDD/Work/NetworkProtocolDesign/Nesli/ITC8061/ChatApp/Utils.py", line 567, in ChunkMessages\n    logging.error(repr(traceback.format_exception(exc_type, exc_value,\n', '  File "/home/raziel/Downloads/pycharm-community-2016.1.4/helpers/pydev/_pydevd_bundle/pydevd_frame.py", line 602, in trace_dispatch\n    self.do_wait_suspend(thread, frame, event, arg)\n', '  File "/home/raziel/Downloads/pycharm-community-2016.1.4/helpers/pydev/_pydevd_bundle/pydevd_frame.py", line 69, in do_wait_suspend\n    self._args[0].do_wait_suspend(*args, **kwargs)\n', '  File "/home/raziel/Downloads/pycharm-community-2016.1.4/helpers/pydev/pydevd.py", line 712, in do_wait_suspend\n    time.sleep(0.01)\n', 'KeyboardInterrupt\n']
2016-05-30 16:08:52,913 - root - ERROR - Couldn't send messages...
2016-05-30 16:09:01,029 - root - ERROR - ['Traceback (most recent call last):\n', '  File "/media/raziel/Raziel-HDD/Work/NetworkProtocolDesign/Nesli/ITC8061/ChatApp/Utils.py", line 229, in Get_Port\n    temp = input(\'>>Port Number: \')\n', 'KeyboardInterrupt\n']
2016-05-30 16:09:01,032 - root - INFO - Because of Errors PORT 6666 is assigned.
2016-05-30 16:09:13,240 - root - INFO - Socket Information: ('10.224.0.39', 8888)
2016-05-30 16:09:25,656 - root - INFO - Neighboring Message is being prepared...
2016-05-30 16:09:25,660 - root - INFO - Message Sending Protocol Initialized...
2016-05-30 16:10:52,672 - root - ERROR - ['Traceback (most recent call last):\n', '  File "/media/raziel/Raziel-HDD/Work/NetworkProtocolDesign/Nesli/ITC8061/ChatApp/Utils.py", line 528, in Send_Message\n    logging.debug("Sent to: " + addr[0] +"=>" + addr[1])\n', "TypeError: Can't convert 'int' object to str implicitly\n"]
2016-05-30 16:10:52,944 - root - ERROR - Couldn't send messages...
2016-05-30 16:11:18,432 - root - INFO - Socket Information: ('10.224.0.39', 8888)
2016-05-30 16:11:35,836 - root - INFO - Neighboring Message is being prepared...
2016-05-30 16:11:35,839 - root - INFO - Message Sending Protocol Initialized...
