2016-05-30 01:12:17,534 - root - ERROR - ['Traceback (most recent call last):\n', '  File "/media/raziel/Raziel-HDD/Work/NetworkProtocolDesign/Nesli/ITC8061/ChatApp/Utils.py", line 252, in PrepareSocket\n    logging.info("Socket Information: " + Config.ConnectionsEntry)\n', "TypeError: Can't convert 'dict' object to str implicitly\n"]
2016-05-30 01:14:46,272 - root - INFO - Socket Information: {'UDPBuff': 1024, 'UDPaddr': ('192.168.1.114', 6666), 'UDPSocket': <socket.socket fd=6, family=AddressFamily.AF_INET, type=SocketKind.SOCK_DGRAM, proto=0, laddr=('192.168.1.114', 6666)>}
2016-05-30 01:15:39,077 - root - ERROR - ['Traceback (most recent call last):\n', '  File "/media/raziel/Raziel-HDD/Work/NetworkProtocolDesign/Nesli/ITC8061/ChatApp/Utils.py", line 246, in PrepareSocket\n    UDPSocket.bind(UDPaddr)\n', 'TypeError: string or unicode text buffer expected, not NoneType\n']
2016-05-30 01:18:08,585 - root - ERROR - ['Traceback (most recent call last):\n', '  File "/media/raziel/Raziel-HDD/Work/NetworkProtocolDesign/Nesli/ITC8061/ChatApp/Utils.py", line 243, in PrepareSocket\n    # Host Parameters\n', '  File "/media/raziel/Raziel-HDD/Work/NetworkProtocolDesign/Nesli/ITC8061/ChatApp/Utils.py", line 243, in PrepareSocket\n    # Host Parameters\n', '  File "/home/raziel/Downloads/pycharm-community-2016.1.2/helpers/pydev/_pydevd_bundle/pydevd_frame.py", line 490, in trace_dispatch\n    self.do_wait_suspend(thread, frame, event, arg)\n', '  File "/home/raziel/Downloads/pycharm-community-2016.1.2/helpers/pydev/_pydevd_bundle/pydevd_frame.py", line 67, in do_wait_suspend\n    self._args[0].do_wait_suspend(*args, **kwargs)\n', '  File "/home/raziel/Downloads/pycharm-community-2016.1.2/helpers/pydev/pydevd.py", line 712, in do_wait_suspend\n    time.sleep(0.01)\n', 'KeyboardInterrupt\n']
2016-05-30 01:18:58,178 - root - ERROR - ['Traceback (most recent call last):\n', '  File "/media/raziel/Raziel-HDD/Work/NetworkProtocolDesign/Nesli/ITC8061/ChatApp/Utils.py", line 247, in PrepareSocket\n    UDPaddr = (host, port)\n', '  File "/media/raziel/Raziel-HDD/Work/NetworkProtocolDesign/Nesli/ITC8061/ChatApp/Utils.py", line 247, in PrepareSocket\n    UDPaddr = (host, port)\n', '  File "/home/raziel/Downloads/pycharm-community-2016.1.2/helpers/pydev/_pydevd_bundle/pydevd_frame.py", line 490, in trace_dispatch\n    self.do_wait_suspend(thread, frame, event, arg)\n', '  File "/home/raziel/Downloads/pycharm-community-2016.1.2/helpers/pydev/_pydevd_bundle/pydevd_frame.py", line 67, in do_wait_suspend\n    self._args[0].do_wait_suspend(*args, **kwargs)\n', '  File "/home/raziel/Downloads/pycharm-community-2016.1.2/helpers/pydev/pydevd.py", line 712, in do_wait_suspend\n    time.sleep(0.01)\n', 'KeyboardInterrupt\n']
2016-05-30 01:19:13,938 - root - ERROR - ['Traceback (most recent call last):\n', '  File "/media/raziel/Raziel-HDD/Work/NetworkProtocolDesign/Nesli/ITC8061/ChatApp/Utils.py", line 211, in Get_LocalIP\n    ip = netifaces.ifaddresses(chosen_interface)[netifaces.AF_INET][0][\'addr\']\n', 'KeyError: 2\n']
2016-05-30 01:19:13,940 - root - ERROR - ['Traceback (most recent call last):\n', '  File "/media/raziel/Raziel-HDD/Work/NetworkProtocolDesign/Nesli/ITC8061/ChatApp/Utils.py", line 250, in PrepareSocket\n    UDPSocket.bind(UDPaddr)\n', 'TypeError: string or unicode text buffer expected, not bool\n']
2016-05-30 01:23:17,727 - root - ERROR - ['Traceback (most recent call last):\n', '  File "/media/raziel/Raziel-HDD/Work/NetworkProtocolDesign/Nesli/ITC8061/ChatApp/Utils.py", line 211, in Get_LocalIP\n    ip = netifaces.ifaddresses(chosen_interface)[netifaces.AF_INET][0][\'addr\']\n', 'KeyError: 2\n', '\nDuring handling of the above exception, another exception occurred:\n\n', 'Traceback (most recent call last):\n', '  File "/media/raziel/Raziel-HDD/Work/NetworkProtocolDesign/Nesli/ITC8061/ChatApp/Utils.py", line 244, in PrepareSocket\n    host = Get_LocalIP()\n', '  File "/media/raziel/Raziel-HDD/Work/NetworkProtocolDesign/Nesli/ITC8061/ChatApp/Utils.py", line 218, in Get_LocalIP\n    logging.error(repr(traceback.format_exception(exc_type, exc_value,\n', '  File "/media/raziel/Raziel-HDD/Work/NetworkProtocolDesign/Nesli/ITC8061/ChatApp/Utils.py", line 218, in Get_LocalIP\n    logging.error(repr(traceback.format_exception(exc_type, exc_value,\n', '  File "/home/raziel/Downloads/pycharm-community-2016.1.2/helpers/pydev/_pydevd_bundle/pydevd_frame.py", line 591, in trace_dispatch\n    self.do_wait_suspend(thread, frame, event, arg)\n', '  File "/home/raziel/Downloads/pycharm-community-2016.1.2/helpers/pydev/_pydevd_bundle/pydevd_frame.py", line 67, in do_wait_suspend\n    self._args[0].do_wait_suspend(*args, **kwargs)\n', '  File "/home/raziel/Downloads/pycharm-community-2016.1.2/helpers/pydev/pydevd.py", line 712, in do_wait_suspend\n    time.sleep(0.01)\n', 'KeyboardInterrupt\n']
2016-05-30 01:23:41,319 - root - ERROR - ['Traceback (most recent call last):\n', '  File "/media/raziel/Raziel-HDD/Work/NetworkProtocolDesign/Nesli/ITC8061/ChatApp/Utils.py", line 254, in PrepareSocket\n    UDPSocket.bind(UDPaddr)\n', 'TypeError: string or unicode text buffer expected, not NoneType\n']
2016-05-30 01:26:56,868 - root - INFO - Socket Information: ('192.168.1.171', 6666)
2016-05-30 01:27:50,315 - root - INFO - Socket Information: ('192.168.1.171', 6666)
2016-05-30 01:29:08,878 - root - ERROR - ['Traceback (most recent call last):\n', '  File "/media/raziel/Raziel-HDD/Work/NetworkProtocolDesign/Nesli/ITC8061/ChatApp/Utils.py", line 631, in recv_flag\n    pass\n', 'KeyboardInterrupt\n']
